2020.12.31 16:14:41 INFO  Started: Metals version 0.9.8 in workspace '/home/sam/Dev/octopush-akka' for client vscode.
2020.12.31 16:14:42 INFO  time: initialize in 1.42s
2020.12.31 16:14:43 INFO  Attempting to connect to the build server...
Starting the bsp launcher for bloop...
Opening a bsp server connection with 'bsp --protocol local --socket /tmp/bsp-launcher17060841215724675765/bsp.socket'...
Waiting for the bsp connection to come up...
[0m[32m[D][0m Waiting for a connection at local:///tmp/bsp-launcher17060841215724675765/bsp.socket...
The server is listening for incoming connections at local:///tmp/bsp-launcher17060841215724675765/bsp.socket...
Starting thread that pumps stdin and redirects it to the bsp server...
Starting thread that pumps server stdout and redirects it to the client stdout...
2020.12.31 16:14:43 INFO  tracing is disabled for protocol BSP, to enable tracing of incoming and outgoing JSON messages create an empty file at /home/sam/.cache/metals/bsp.trace.json
2020.12.31 16:14:43 INFO  time: connected to build server in 0.23s
2020.12.31 16:14:43 INFO  Connected to Build server v1.4.6-15-209c2a5c
2020.12.31 16:14:42 ERROR Empty build targets. Expected at least one build target identifier.
2020.12.31 16:14:42 ERROR Empty build targets. Expected at least one build target identifier.
2020.12.31 16:14:42 ERROR Empty build targets. Expected at least one build target identifier.
2020.12.31 16:14:45 INFO  time: indexed workspace in 1.58s
2020.12.31 16:14:45 INFO  running '/home/sam/.jabba/jdk/adopt@1.11.0-9/bin/java -Djline.terminal=jline.UnsupportedTerminal -Dsbt.log.noformat=true -Dfile.encoding=UTF-8 -jar /tmp/metals7743326531703186656/sbt-launch.jar -Dbloop.export-jar-classifiers=sources bloopInstall'
2020.12.31 16:14:46 WARN  no build target for: /home/sam/Dev/octopush-akka/project/metals.sbt
2020.12.31 16:14:46 WARN  no build target for: /home/sam/Dev/octopush-akka/project/project/metals.sbt
2020.12.31 16:14:46 INFO  skipping build import with status 'Started'
2020.12.31 16:14:47 INFO  [info] welcome to sbt 1.4.6 (AdoptOpenJDK Java 11.0.9)
2020.12.31 16:14:47 INFO  [info] loading settings for project global-plugins from idea.sbt ...
2020.12.31 16:14:49 INFO  [info] loading global plugins from /home/sam/.sbt/1.0/plugins
2020.12.31 16:14:51 INFO  [info] loading settings for project octopush-akka-build-build-build from metals.sbt ...
2020.12.31 16:14:51 INFO  [info] loading project definition from /home/sam/Dev/octopush-akka/project/project/project
2020.12.31 16:14:53 INFO  [info] loading settings for project octopush-akka-build-build from metals.sbt ...
2020.12.31 16:14:53 INFO  [info] loading project definition from /home/sam/Dev/octopush-akka/project/project
2020.12.31 16:14:55 INFO  [success] Generated .bloop/octopush-akka-build-build.json
2020.12.31 16:14:55 INFO  [success] Total time: 2 s, completed 31 Dec 2020, 16:14:55
2020.12.31 16:14:56 INFO  [info] loading settings for project octopush-akka-build from metals.sbt,plugins.sbt ...
2020.12.31 16:14:56 INFO  [info] loading project definition from /home/sam/Dev/octopush-akka/project
2020.12.31 16:14:57 INFO  [success] Generated .bloop/octopush-akka-build.json
2020.12.31 16:14:57 INFO  [success] Total time: 1 s, completed 31 Dec 2020, 16:14:57
2020.12.31 16:14:58 INFO  [info] loading settings for project octopushAkka from build.sbt ...
2020.12.31 16:14:58 INFO  [info] set current project to octopush-akka (in build file:/home/sam/Dev/octopush-akka/)
2020.12.31 16:14:59 INFO  [success] Generated .bloop/octopushAkka-test.json
2020.12.31 16:14:59 INFO  [success] Generated .bloop/octopushAkka.json
2020.12.31 16:14:59 INFO  [success] Total time: 1 s, completed 31 Dec 2020, 16:14:59
2020.12.31 16:14:59 INFO  sbt bloopInstall exit: 0
2020.12.31 16:15:00 INFO  time: ran 'sbt bloopInstall' in 14s
2020.12.31 16:15:00 INFO  Disconnecting from Bloop session...
2020.12.31 16:15:00 INFO  Shut down connection with build server.
2020.12.31 16:15:00 INFO  Attempting to connect to the build server...
No more data in the server stdin, exiting...
Starting the bsp launcher for bloop...
No more data in the client stdin, exiting...
No more data in the server stdin, exiting...
Opening a bsp server connection with 'bsp --protocol local --socket /tmp/bsp-launcher4917584060104178705/bsp.socket'...
Waiting for the bsp connection to come up...
[0m[32m[D][0m Loading 2 projects from '/home/sam/Dev/octopush-akka/.bloop'...
[0m[32m[D][0m Loading project from '/home/sam/Dev/octopush-akka/.bloop/octopushAkka.json'
[0m[32m[D][0m Loading project from '/home/sam/Dev/octopush-akka/.bloop/octopushAkka-test.json'
[0m[32m[D][0m Waiting for a connection at local:///tmp/bsp-launcher4917584060104178705/bsp.socket...
The server is listening for incoming connections at local:///tmp/bsp-launcher4917584060104178705/bsp.socket...
Starting thread that pumps stdin and redirects it to the bsp server...
Starting thread that pumps server stdout and redirects it to the client stdout...
2020.12.31 16:15:00 INFO  tracing is disabled for protocol BSP, to enable tracing of incoming and outgoing JSON messages create an empty file at /home/sam/.cache/metals/bsp.trace.json
2020.12.31 16:15:00 INFO  Attempting to connect to the build server...
Starting the bsp launcher for bloop...
2020.12.31 16:15:00 INFO  Attempting to connect to the build server...
Opening a bsp server connection with 'bsp --protocol local --socket /tmp/bsp-launcher953607552159193539/bsp.socket'...
Waiting for the bsp connection to come up...
Starting the bsp launcher for bloop...
Opening a bsp server connection with 'bsp --protocol local --socket /tmp/bsp-launcher7682056845144897647/bsp.socket'...
Waiting for the bsp connection to come up...
[0m[32m[D][0m Loading workspace settings from bloop.settings.json
[0m[32m[D][0m Waiting for a connection at local:///tmp/bsp-launcher953607552159193539/bsp.socket...
The server is listening for incoming connections at local:///tmp/bsp-launcher953607552159193539/bsp.socket...
[0m[32m[D][0m Loading workspace settings from bloop.settings.json
[0m[32m[D][0m Waiting for a connection at local:///tmp/bsp-launcher7682056845144897647/bsp.socket...
The server is listening for incoming connections at local:///tmp/bsp-launcher7682056845144897647/bsp.socket...
Starting thread that pumps stdin and redirects it to the bsp server...
Starting thread that pumps server stdout and redirects it to the client stdout...
Starting thread that pumps stdin and redirects it to the bsp server...
2020.12.31 16:15:00Starting thread that pumps server stdout and redirects it to the client stdout... 
INFO  tracing is disabled for protocol BSP, to enable tracing of incoming and outgoing JSON messages create an empty file at /home/sam/.cache/metals/bsp.trace.json
2020.12.31 16:15:00 INFO  tracing is disabled for protocol BSP, to enable tracing of incoming and outgoing JSON messages create an empty file at /home/sam/.cache/metals/bsp.trace.json
2020.12.31 16:15:00 INFO  time: connected to build server in 0.14s
2020.12.31 16:15:00 INFO  Connected to Build server v1.4.6-15-209c2a5c
2020.12.31 16:15:06 INFO  time: indexed workspace in 5.67s
2020.12.31 16:15:08 INFO  compiling octopushakka (2 scala sources)
2020.12.31 16:15:11 INFO  time: compiled octopushAkka in 3.63s
2020.12.31 16:16:42 INFO  compiling octopushakka-test (1 scala source)
2020.12.31 16:16:43 INFO  time: compiled octopushAkka-test in 1.67s
2020.12.31 16:17:15 INFO  shutting down Metals
2020.12.31 16:17:15 INFO  Shut down connection with build server.
2020.12.31 16:17:15 INFO  Shut down connection with build server.
2020.12.31 16:17:15 INFO  Shut down connection with build server.
No more data in the client stdin, exiting...
No more data in the client stdin, exiting...
No more data in the server stdin, exiting...
No more data in the server stdin, exiting...
No more data in the client stdin, exiting...
No more data in the server stdin, exiting...
No more data in the server stdin, exiting...
No more data in the server stdin, exiting...
2022.04.04 21:43:51 INFO  tracing is disabled for protocol LSP, to enable tracing of incoming and outgoing JSON messages create an empty file at /home/sam/Dev/octopush-akka/.metals/lsp.trace.json or /home/sam/.cache/metals/lsp.trace.json
2022.04.04 21:43:52 INFO  logging to file /home/sam/Dev/octopush-akka/.metals/metals.log
2022.04.04 21:43:52 INFO  Started: Metals version 0.11.2 in workspace '/home/sam/Dev/octopush-akka' for client Code - OSS 1.66.0.
2022.04.04 21:43:52 INFO  Parse release: 11.0.9
2022.04.04 21:43:53 INFO  time: initialize in 1.86s
2022.04.04 21:43:53 INFO  Deleting old database format /home/sam/Dev/octopush-akka/.metals/metals.h2.db
2022.04.04 21:43:54 INFO  Attempting to connect to the build server...
2022.04.04 21:43:57 INFO  tracing is disabled for protocol BSP, to enable tracing of incoming and outgoing JSON messages create an empty file at /home/sam/Dev/octopush-akka/.metals/bsp.trace.json or /home/sam/.cache/metals/bsp.trace.json
2022.04.04 21:43:57 INFO  Attempting to connect to the build server...
2022.04.04 21:43:57 INFO  Attempting to connect to the build server...
2022.04.04 21:43:57 INFO  tracing is disabled for protocol BSP, to enable tracing of incoming and outgoing JSON messages create an empty file at /home/sam/Dev/octopush-akka/project/.metals/bsp.trace.json or /home/sam/.cache/metals/bsp.trace.json
2022.04.04 21:43:58 INFO  tracing is disabled for protocol BSP, to enable tracing of incoming and outgoing JSON messages create an empty file at /home/sam/Dev/octopush-akka/project/project/.metals/bsp.trace.json or /home/sam/.cache/metals/bsp.trace.json
2022.04.04 21:44:01 INFO  no build target found for /home/sam/Dev/octopush-akka/src/test/scala/OctopushSpec.scala. Using presentation compiler with project's scala-library version: 3.1.1
2022.04.04 21:44:03 INFO  time: code lens generation in 6.98s
2022.04.04 21:44:03 INFO  time: code lens generation in 6.99s
2022.04.04 21:44:09 INFO  time: Connected to build server in 15s
2022.04.04 21:44:09 INFO  Connected to Build server: Bloop v1.4.13
2022.04.04 21:44:09 INFO  time: Imported build in 0.1s
Apr 04, 2022 9:44:24 PM org.eclipse.lsp4j.jsonrpc.RemoteEndpoint handleCancellation
WARNING: Unmatched cancel notification for request id 9
2022.04.04 21:44:31 INFO  time: indexed workspace in 22s
2022.04.04 21:44:32 INFO  compiling octopushakka (2 scala sources)
2022.04.04 21:44:38 INFO  compiling octopushakka (2 scala sources)
2022.04.04 21:44:41 INFO  compiling octopushakka-test (1 scala source)
2022.04.04 21:44:41 INFO  time: compiled octopushAkka in 2.53s
2022.04.04 21:44:43 INFO  time: compiled octopushAkka-test in 2.41s
2022.04.04 21:45:19 INFO  compiling octopushakka-test (1 scala source)
2022.04.04 21:45:19 INFO  time: compiled octopushAkka-test in 0.71s
2022.04.04 21:45:22 INFO  compiling octopushakka-test (1 scala source)
2022.04.04 21:45:22 INFO  time: compiled octopushAkka-test in 0.53s
2022.04.04 21:45:42 INFO  compiling octopushakka-test (1 scala source)
2022.04.04 21:45:43 INFO  time: compiled octopushAkka-test in 1.77s
2022.04.05 12:50:29 INFO  shutting down Metals
2022.04.05 12:50:29 INFO  Shut down connection with build server.
2022.04.05 12:50:29 INFO  Shut down connection with build server.
2022.04.05 12:50:29 INFO  Shut down connection with build server.
2022.10.17 15:18:18 INFO  tracing is disabled for protocol LSP, to enable tracing of incoming and outgoing JSON messages create an empty file at /home/sam/Dev/octopush-akka/.metals/lsp.trace.json or /home/sam/.cache/metals/lsp.trace.json
2022.10.17 15:18:19 INFO  logging to file /home/sam/Dev/octopush-akka/.metals/metals.log
2022.10.17 15:18:19 INFO  Started: Metals version 0.11.9 in workspace '/home/sam/Dev/octopush-akka' for client Code - OSS 1.71.2.
2022.10.17 15:18:20 INFO  time: initialize in 1.7s
2022.10.17 15:18:22 INFO  Attempting to connect to the build server...
2022.10.17 15:18:22 INFO  Setting up current java home /home/sam/.jabba/jdk/adopt@1.11.0-9 in /home/sam/.bloop/bloop.json
2022.10.17 15:18:25 INFO  running '/home/sam/.jabba/jdk/adopt@1.11.0-9/bin/java -Djline.terminal=jline.UnsupportedTerminal -Dsbt.log.noformat=true -Dfile.encoding=UTF-8 -jar /tmp/metals4890217098753396641/sbt-launch.jar -Dbloop.export-jar-classifiers=sources bloopInstall'
2022.10.17 15:18:25 WARN  no build target for: /home/sam/Dev/octopush-akka/project/metals.sbt
2022.10.17 15:18:25 WARN  no build target for: /home/sam/Dev/octopush-akka/project/project/metals.sbt
2022.10.17 15:18:25 INFO  skipping build import with status 'Started'
2022.10.17 15:18:27 INFO  [info] welcome to sbt 1.7.0 (AdoptOpenJDK Java 11.0.9)
2022.10.17 15:18:27 INFO  [info] loading settings for project global-plugins from idea.sbt ...
2022.10.17 15:18:29 INFO  [info] loading global plugins from /home/sam/.sbt/1.0/plugins
2022.10.17 15:18:30 ERROR Starting the bsp launcher for bloop...
2022.10.17 15:18:30 ERROR Opening a bsp server connection with 'bsp --protocol local --socket /tmp/bsp-launcher16726663041712935567/bsp.socket'...
2022.10.17 15:18:30 ERROR Waiting for the bsp connection to come up...
2022.10.17 15:18:30 ERROR Waiting for the bsp connection to come up...
2022.10.17 15:18:30 ERROR Waiting for the bsp connection to come up...
2022.10.17 15:18:30 ERROR Waiting for the bsp connection to come up...
2022.10.17 15:18:30 ERROR Waiting for the bsp connection to come up...
2022.10.17 15:18:30 ERROR Waiting for the bsp connection to come up...
2022.10.17 15:18:30 ERROR Waiting for the bsp connection to come up...
2022.10.17 15:18:30 ERROR Waiting for the bsp connection to come up...
2022.10.17 15:18:30 ERROR error: The command bsp --protocol local --socket /tmp/bsp-launcher16726663041712935567/bsp.socket returned with an error
2022.10.17 15:18:30 ERROR > No server running at 127.0.0.1:8212, let's fire one...
2022.10.17 15:18:30 ERROR > Resolving ch.epfl.scala:bloop-frontend_2.12:1.5.4...
2022.10.17 15:18:30 ERROR > Starting bloop server at 127.0.0.1:8212...
2022.10.17 15:18:30 ERROR > Attempting a connection to the server...
2022.10.17 15:18:30 ERROR > Attempting a connection to the server...
2022.10.17 15:18:30 ERROR > Attempting a connection to the server...
2022.10.17 15:18:30 ERROR > Attempting a connection to the server...
2022.10.17 15:18:30 ERROR > Attempting a connection to the server...
2022.10.17 15:18:30 ERROR > Attempting a connection to the server...
2022.10.17 15:18:30 ERROR > Attempting a connection to the server...
2022.10.17 15:18:30 ERROR > Attempting a connection to the server...
2022.10.17 15:18:30 ERROR > [0m[32m[D][0m Loading workspace settings from bloop.settings.json
2022.10.17 15:18:30 ERROR > [0m[32m[D][0m Loading 2 projects from '/home/sam/Dev/octopush-akka/.bloop'...
2022.10.17 15:18:30 ERROR > [0m[32m[D][0m Loading project from '/home/sam/Dev/octopush-akka/.bloop/octopushAkka.json'
2022.10.17 15:18:30 ERROR > [0m[32m[D][0m Loading project from '/home/sam/Dev/octopush-akka/.bloop/octopushAkka-test.json'
2022.10.17 15:18:30 ERROR > [0m[33m[W][0m Scala instance jar /home/sam/.cache/coursier/v1/https/repo1.maven.org/maven2/org/scala-lang/scala-compiler/2.13.4/scala-compiler-2.13.4.jar doesn't exist!
2022.10.17 15:18:30 ERROR > [0m[33m[W][0m Scala instance jar /home/sam/.cache/coursier/v1/https/repo1.maven.org/maven2/org/scala-lang/scala-library/2.13.4/scala-library-2.13.4.jar doesn't exist!
2022.10.17 15:18:30 ERROR > [0m[33m[W][0m Scala instance jar /home/sam/.cache/coursier/v1/https/repo1.maven.org/maven2/org/scala-lang/scala-reflect/2.13.4/scala-reflect-2.13.4.jar doesn't exist!
2022.10.17 15:18:30 ERROR > [0m[33m[W][0m Scala instance jar /home/sam/.cache/coursier/v1/https/repo1.maven.org/maven2/org/jline/jline/3.16.0/jline-3.16.0.jar doesn't exist!
2022.10.17 15:18:30 ERROR > [0m[33m[W][0m Scala instance jar /home/sam/.cache/coursier/v1/https/repo1.maven.org/maven2/net/java/dev/jna/jna/5.3.1/jna-5.3.1.jar doesn't exist!
2022.10.17 15:18:30 ERROR > [0m[32m[D][0m Cache miss for scala instance org.scala-lang:scala-compiler:2.13.4.
2022.10.17 15:18:30 ERROR > [0m[32m[D][0m   => /home/sam/.cache/coursier/v1/https/repo1.maven.org/maven2/net/java/dev/jna/jna/5.3.1/jna-5.3.1.jar
2022.10.17 15:18:30 ERROR > [0m[32m[D][0m   => /home/sam/.cache/coursier/v1/https/repo1.maven.org/maven2/org/jline/jline/3.16.0/jline-3.16.0.jar
2022.10.17 15:18:30 ERROR > [0m[32m[D][0m   => /home/sam/.cache/coursier/v1/https/repo1.maven.org/maven2/org/scala-lang/scala-compiler/2.13.4/scala-compiler-2.13.4.jar
2022.10.17 15:18:30 ERROR > [0m[32m[D][0m   => /home/sam/.cache/coursier/v1/https/repo1.maven.org/maven2/org/scala-lang/scala-library/2.13.4/scala-library-2.13.4.jar
2022.10.17 15:18:30 ERROR > [0m[32m[D][0m   => /home/sam/.cache/coursier/v1/https/repo1.maven.org/maven2/org/scala-lang/scala-reflect/2.13.4/scala-reflect-2.13.4.jar
2022.10.17 15:18:30 ERROR > [0m[33m[W][0m Scala instance jar /home/sam/.cache/coursier/v1/https/repo1.maven.org/maven2/org/scala-lang/scala-compiler/2.13.4/scala-compiler-2.13.4.jar doesn't exist!
2022.10.17 15:18:30 ERROR > [0m[33m[W][0m Scala instance jar /home/sam/.cache/coursier/v1/https/repo1.maven.org/maven2/org/scala-lang/scala-library/2.13.4/scala-library-2.13.4.jar doesn't exist!
2022.10.17 15:18:30 ERROR > [0m[33m[W][0m Scala instance jar /home/sam/.cache/coursier/v1/https/repo1.maven.org/maven2/org/scala-lang/scala-reflect/2.13.4/scala-reflect-2.13.4.jar doesn't exist!
2022.10.17 15:18:30 ERROR > [0m[33m[W][0m Scala instance jar /home/sam/.cache/coursier/v1/https/repo1.maven.org/maven2/org/jline/jline/3.16.0/jline-3.16.0.jar doesn't exist!
2022.10.17 15:18:30 ERROR > [0m[33m[W][0m Scala instance jar /home/sam/.cache/coursier/v1/https/repo1.maven.org/maven2/net/java/dev/jna/jna/5.3.1/jna-5.3.1.jar doesn't exist!
2022.10.17 15:18:30 ERROR > [0m[32m[D][0m Cache miss for scala instance org.scala-lang:scala-compiler:2.13.4.
2022.10.17 15:18:30 ERROR > [0m[32m[D][0m   => /home/sam/.cache/coursier/v1/https/repo1.maven.org/maven2/net/java/dev/jna/jna/5.3.1/jna-5.3.1.jar
2022.10.17 15:18:30 ERROR > [0m[32m[D][0m Elapsed: 491.008692 ms
2022.10.17 15:18:30 ERROR > [0m[32m[D][0m   => /home/sam/.cache/coursier/v1/https/repo1.maven.org/maven2/org/jline/jline/3.16.0/jline-3.16.0.jar
2022.10.17 15:18:30 ERROR > [0m[32m[D][0m   => /home/sam/.cache/coursier/v1/https/repo1.maven.org/maven2/org/scala-lang/scala-compiler/2.13.4/scala-compiler-2.13.4.jar
2022.10.17 15:18:30 ERROR > [0m[32m[D][0m   => /home/sam/.cache/coursier/v1/https/repo1.maven.org/maven2/org/scala-lang/scala-library/2.13.4/scala-library-2.13.4.jar
2022.10.17 15:18:30 ERROR > [0m[32m[D][0m   => /home/sam/.cache/coursier/v1/https/repo1.maven.org/maven2/org/scala-lang/scala-reflect/2.13.4/scala-reflect-2.13.4.jar
2022.10.17 15:18:30 ERROR > [0m[31m[E][0m Failed to load project from /home/sam/Dev/octopush-akka/.bloop/octopushAkka-test.json
2022.10.17 15:18:30 ERROR > [0m[36m[T][0m bloop.data.Project$ProjectReadException: Failed to load project from /home/sam/Dev/octopush-akka/.bloop/octopushAkka-test.json
2022.10.17 15:18:30 ERROR > [0m[36m[T][0m 	bloop.data.Project$.fromBytesAndOrigin(Project.scala:295)
2022.10.17 15:18:30 ERROR > [0m[36m[T][0m 	bloop.engine.BuildLoader$.loadProject(BuildLoader.scala:248)
2022.10.17 15:18:30 ERROR > [0m[36m[T][0m 	bloop.engine.BuildLoader$.$anonfun$loadBuildIncrementally$3(BuildLoader.scala:59)
2022.10.17 15:18:30 ERROR > [0m[36m[T][0m 	monix.eval.internal.TaskRunLoop$.startFull(TaskRunLoop.scala:81)
2022.10.17 15:18:30 ERROR > [0m[36m[T][0m 	monix.eval.internal.TaskRestartCallback.syncOnSuccess(TaskRestartCallback.scala:101)
2022.10.17 15:18:30 ERROR > [0m[36m[T][0m 	monix.eval.internal.TaskRestartCallback.onSuccess(TaskRestartCallback.scala:74)
2022.10.17 15:18:30 ERROR > [0m[36m[T][0m 	monix.eval.internal.TaskShift$Register$$anon$1.run(TaskShift.scala:65)
2022.10.17 15:18:30 ERROR > [0m[36m[T][0m 	monix.execution.internal.InterceptRunnable.run(InterceptRunnable.scala:27)
2022.10.17 15:18:30 ERROR > [0m[36m[T][0m 	java.base/java.util.concurrent.ThreadPoolExecutor.runWorker(ThreadPoolExecutor.java:1128)
2022.10.17 15:18:30 ERROR > [0m[36m[T][0m 	java.base/java.util.concurrent.ThreadPoolExecutor$Worker.run(ThreadPoolExecutor.java:628)
2022.10.17 15:18:30 ERROR > [0m[36m[T][0m 	java.base/java.lang.Thread.run(Thread.java:834)
2022.10.17 15:18:30 ERROR > [0m[36m[T][0m Caused by: java.nio.file.NoSuchFileException: /home/sam/.cache/coursier/v1/https/repo1.maven.org/maven2/org/scala-lang/scala-compiler/2.13.4/scala-compiler-2.13.4.jar
2022.10.17 15:18:30 ERROR > [0m[36m[T][0m 	java.base/sun.nio.fs.UnixException.translateToIOException(UnixException.java:92)
2022.10.17 15:18:30 ERROR > [0m[36m[T][0m 	java.base/sun.nio.fs.UnixException.rethrowAsIOException(UnixException.java:111)
2022.10.17 15:18:30 ERROR > [0m[36m[T][0m 	java.base/sun.nio.fs.UnixException.rethrowAsIOException(UnixException.java:116)
2022.10.17 15:18:30 ERROR > [0m[36m[T][0m 	java.base/sun.nio.fs.UnixFileAttributeViews$Basic.readAttributes(UnixFileAttributeViews.java:55)
2022.10.17 15:18:30 ERROR > [0m[36m[T][0m 	java.base/sun.nio.fs.UnixFileSystemProvider.readAttributes(UnixFileSystemProvider.java:149)
2022.10.17 15:18:30 ERROR > [0m[36m[T][0m 	java.base/sun.nio.fs.LinuxFileSystemProvider.readAttributes(LinuxFileSystemProvider.java:99)
2022.10.17 15:18:30 ERROR > [0m[36m[T][0m 	java.base/java.nio.file.Files.readAttributes(Files.java:1763)
2022.10.17 15:18:30 ERROR > [0m[36m[T][0m 	bloop.ScalaInstance.$anonfun$hashCode$1(ScalaInstance.scala:111)
2022.10.17 15:18:30 ERROR > [0m[36m[T][0m 	scala.collection.TraversableLike.$anonfun$map$1(TraversableLike.scala:286)
2022.10.17 15:18:30 ERROR > [0m[36m[T][0m 	scala.collection.IndexedSeqOptimized.foreach(IndexedSeqOptimized.scala:36)
2022.10.17 15:18:30 ERROR > [0m[36m[T][0m 	scala.collection.IndexedSeqOptimized.foreach$(IndexedSeqOptimized.scala:33)
2022.10.17 15:18:30 ERROR > [0m[36m[T][0m 	scala.collection.mutable.WrappedArray.foreach(WrappedArray.scala:38)
2022.10.17 15:18:30 ERROR > [0m[36m[T][0m 	scala.collection.TraversableLike.map(TraversableLike.scala:286)
2022.10.17 15:18:30 ERROR > [0m[36m[T][0m 	scala.collection.TraversableLike.map$(TraversableLike.scala:279)
2022.10.17 15:18:30 ERROR > [0m[36m[T][0m 	scala.collection.AbstractTraversable.map(Traversable.scala:108)
2022.10.17 15:18:30 ERROR > [0m[36m[T][0m 	bloop.ScalaInstance.<init>(ScalaInstance.scala:107)
2022.10.17 15:18:30 ERROR > [0m[36m[T][0m 	bloop.ScalaInstance$.newInstance$1(ScalaInstance.scala:180)
2022.10.17 15:18:30 ERROR > [0m[36m[T][0m 	bloop.ScalaInstance$.$anonfun$apply$7(ScalaInstance.scala:185)
2022.10.17 15:18:30 ERROR > [0m[36m[T][0m 	java.base/java.util.concurrent.ConcurrentHashMap.computeIfAbsent(ConcurrentHashMap.java:1705)
2022.10.17 15:18:30 ERROR > [0m[36m[T][0m 	bloop.ScalaInstance$.apply(ScalaInstance.scala:185)
2022.10.17 15:18:30 ERROR > [0m[36m[T][0m 	bloop.data.Project$.$anonfun$fromConfig$1(Project.scala:311)
2022.10.17 15:18:30 ERROR > [0m[36m[T][0m 	scala.Option.flatMap(Option.scala:271)
2022.10.17 15:18:30 ERROR > [0m[36m[T][0m 	bloop.data.Project$.fromConfig(Project.scala:306)
2022.10.17 15:18:30 ERROR > [0m[36m[T][0m 	bloop.data.Project$.fromBytesAndOrigin(Project.scala:289)
2022.10.17 15:18:30 ERROR > [0m[36m[T][0m 	bloop.engine.BuildLoader$.loadProject(BuildLoader.scala:248)
2022.10.17 15:18:30 ERROR > [0m[36m[T][0m 	bloop.engine.BuildLoader$.$anonfun$loadBuildIncrementally$3(BuildLoader.scala:59)
2022.10.17 15:18:30 ERROR > [0m[36m[T][0m 	monix.eval.internal.TaskRunLoop$.startFull(TaskRunLoop.scala:81)
2022.10.17 15:18:30 ERROR > [0m[36m[T][0m 	monix.eval.internal.TaskRestartCallback.syncOnSuccess(TaskRestartCallback.scala:101)
2022.10.17 15:18:30 ERROR > [0m[36m[T][0m 	monix.eval.internal.TaskRestartCallback.onSuccess(TaskRestartCallback.scala:74)
2022.10.17 15:18:30 ERROR > [0m[36m[T][0m 	monix.eval.internal.TaskShift$Register$$anon$1.run(TaskShift.scala:65)
2022.10.17 15:18:30 ERROR > [0m[36m[T][0m 	monix.execution.internal.InterceptRunnable.run(InterceptRunnable.scala:27)
2022.10.17 15:18:30 ERROR > [0m[36m[T][0m 	java.base/java.util.concurrent.ThreadPoolExecutor.runWorker(ThreadPoolExecutor.java:1128)
2022.10.17 15:18:30 ERROR > [0m[36m[T][0m 	java.base/java.util.concurrent.ThreadPoolExecutor$Worker.run(ThreadPoolExecutor.java:628)
2022.10.17 15:18:30 ERROR > [0m[36m[T][0m 	java.base/java.lang.Thread.run(Thread.java:834)
2022.10.17 15:18:30 ERROR error: Trying a tcp-based connection to the server instead...
2022.10.17 15:18:30 ERROR Opening a bsp server connection with 'bsp --protocol tcp --port 15955'...
2022.10.17 15:18:30 ERROR Waiting for the bsp connection to come up...
2022.10.17 15:18:30 ERROR error: The command bsp --protocol tcp --port 15955 returned with an error
2022.10.17 15:18:30 ERROR > [0m[32m[D][0m Loading workspace settings from bloop.settings.json
2022.10.17 15:18:30 ERROR > [0m[32m[D][0m Loading 2 projects from '/home/sam/Dev/octopush-akka/.bloop'...
2022.10.17 15:18:30 ERROR > [0m[32m[D][0m Loading project from '/home/sam/Dev/octopush-akka/.bloop/octopushAkka.json'
2022.10.17 15:18:30 ERROR > [0m[33m[W][0m Scala instance jar /home/sam/.cache/coursier/v1/https/repo1.maven.org/maven2/org/scala-lang/scala-compiler/2.13.4/scala-compiler-2.13.4.jar doesn't exist!
2022.10.17 15:18:30 ERROR > [0m[33m[W][0m Scala instance jar /home/sam/.cache/coursier/v1/https/repo1.maven.org/maven2/org/scala-lang/scala-library/2.13.4/scala-library-2.13.4.jar doesn't exist!
2022.10.17 15:18:30 ERROR > [0m[33m[W][0m Scala instance jar /home/sam/.cache/coursier/v1/https/repo1.maven.org/maven2/org/scala-lang/scala-reflect/2.13.4/scala-reflect-2.13.4.jar doesn't exist!
2022.10.17 15:18:30 ERROR > [0m[33m[W][0m Scala instance jar /home/sam/.cache/coursier/v1/https/repo1.maven.org/maven2/org/jline/jline/3.16.0/jline-3.16.0.jar doesn't exist!
2022.10.17 15:18:30 ERROR > [0m[33m[W][0m Scala instance jar /home/sam/.cache/coursier/v1/https/repo1.maven.org/maven2/net/java/dev/jna/jna/5.3.1/jna-5.3.1.jar doesn't exist!
2022.10.17 15:18:30 ERROR > [0m[32m[D][0m Cache miss for scala instance org.scala-lang:scala-compiler:2.13.4.
2022.10.17 15:18:30 ERROR > [0m[32m[D][0m   => /home/sam/.cache/coursier/v1/https/repo1.maven.org/maven2/net/java/dev/jna/jna/5.3.1/jna-5.3.1.jar
2022.10.17 15:18:30 ERROR > [0m[32m[D][0m   => /home/sam/.cache/coursier/v1/https/repo1.maven.org/maven2/org/jline/jline/3.16.0/jline-3.16.0.jar
2022.10.17 15:18:30 ERROR > [0m[32m[D][0m   => /home/sam/.cache/coursier/v1/https/repo1.maven.org/maven2/org/scala-lang/scala-compiler/2.13.4/scala-compiler-2.13.4.jar
2022.10.17 15:18:30 ERROR > [0m[32m[D][0m   => /home/sam/.cache/coursier/v1/https/repo1.maven.org/maven2/org/scala-lang/scala-library/2.13.4/scala-library-2.13.4.jar
2022.10.17 15:18:30 ERROR > [0m[32m[D][0m   => /home/sam/.cache/coursier/v1/https/repo1.maven.org/maven2/org/scala-lang/scala-reflect/2.13.4/scala-reflect-2.13.4.jar
2022.10.17 15:18:30 ERROR > [0m[32m[D][0m Loading project from '/home/sam/Dev/octopush-akka/.bloop/octopushAkka-test.json'
2022.10.17 15:18:30 ERROR > [0m[32m[D][0m Elapsed: 9.93931 ms
2022.10.17 15:18:30 ERROR > [0m[33m[W][0m Scala instance jar /home/sam/.cache/coursier/v1/https/repo1.maven.org/maven2/org/scala-lang/scala-compiler/2.13.4/scala-compiler-2.13.4.jar doesn't exist!
2022.10.17 15:18:30 ERROR > [0m[33m[W][0m Scala instance jar /home/sam/.cache/coursier/v1/https/repo1.maven.org/maven2/org/scala-lang/scala-library/2.13.4/scala-library-2.13.4.jar doesn't exist!
2022.10.17 15:18:30 ERROR > [0m[33m[W][0m Scala instance jar /home/sam/.cache/coursier/v1/https/repo1.maven.org/maven2/org/scala-lang/scala-reflect/2.13.4/scala-reflect-2.13.4.jar doesn't exist!
2022.10.17 15:18:30 ERROR > [0m[33m[W][0m Scala instance jar /home/sam/.cache/coursier/v1/https/repo1.maven.org/maven2/org/jline/jline/3.16.0/jline-3.16.0.jar doesn't exist!
2022.10.17 15:18:30 ERROR > [0m[33m[W][0m Scala instance jar /home/sam/.cache/coursier/v1/https/repo1.maven.org/maven2/net/java/dev/jna/jna/5.3.1/jna-5.3.1.jar doesn't exist!
2022.10.17 15:18:30 ERROR > [0m[32m[D][0m Cache miss for scala instance org.scala-lang:scala-compiler:2.13.4.
2022.10.17 15:18:30 ERROR > [0m[32m[D][0m   => /home/sam/.cache/coursier/v1/https/repo1.maven.org/maven2/net/java/dev/jna/jna/5.3.1/jna-5.3.1.jar
2022.10.17 15:18:30 ERROR > [0m[32m[D][0m   => /home/sam/.cache/coursier/v1/https/repo1.maven.org/maven2/org/jline/jline/3.16.0/jline-3.16.0.jar
2022.10.17 15:18:30 ERROR > [0m[32m[D][0m   => /home/sam/.cache/coursier/v1/https/repo1.maven.org/maven2/org/scala-lang/scala-compiler/2.13.4/scala-compiler-2.13.4.jar
2022.10.17 15:18:30 ERROR > [0m[32m[D][0m   => /home/sam/.cache/coursier/v1/https/repo1.maven.org/maven2/org/scala-lang/scala-library/2.13.4/scala-library-2.13.4.jar
2022.10.17 15:18:30 ERROR > [0m[32m[D][0m   => /home/sam/.cache/coursier/v1/https/repo1.maven.org/maven2/org/scala-lang/scala-reflect/2.13.4/scala-reflect-2.13.4.jar
2022.10.17 15:18:30 ERROR > [0m[31m[E][0m Failed to load project from /home/sam/Dev/octopush-akka/.bloop/octopushAkka.json
2022.10.17 15:18:30 ERROR > [0m[36m[T][0m bloop.data.Project$ProjectReadException: Failed to load project from /home/sam/Dev/octopush-akka/.bloop/octopushAkka.json
2022.10.17 15:18:30 ERROR > [0m[36m[T][0m 	bloop.data.Project$.fromBytesAndOrigin(Project.scala:295)
2022.10.17 15:18:30 ERROR > [0m[36m[T][0m 	bloop.engine.BuildLoader$.loadProject(BuildLoader.scala:248)
2022.10.17 15:18:30 ERROR > [0m[36m[T][0m 	bloop.engine.BuildLoader$.$anonfun$loadBuildIncrementally$3(BuildLoader.scala:59)
2022.10.17 15:18:30 ERROR > [0m[36m[T][0m 	monix.eval.internal.TaskRunLoop$.startFull(TaskRunLoop.scala:81)
2022.10.17 15:18:30 ERROR > [0m[36m[T][0m 	monix.eval.internal.TaskRestartCallback.syncOnSuccess(TaskRestartCallback.scala:101)
2022.10.17 15:18:30 ERROR > [0m[36m[T][0m 	monix.eval.internal.TaskRestartCallback.onSuccess(TaskRestartCallback.scala:74)
2022.10.17 15:18:30 ERROR > [0m[36m[T][0m 	monix.eval.internal.TaskShift$Register$$anon$1.run(TaskShift.scala:65)
2022.10.17 15:18:30 ERROR > [0m[36m[T][0m 	monix.execution.internal.InterceptRunnable.run(InterceptRunnable.scala:27)
2022.10.17 15:18:30 ERROR > [0m[36m[T][0m 	java.base/java.util.concurrent.ThreadPoolExecutor.runWorker(ThreadPoolExecutor.java:1128)
2022.10.17 15:18:30 ERROR > [0m[36m[T][0m 	java.base/java.util.concurrent.ThreadPoolExecutor$Worker.run(ThreadPoolExecutor.java:628)
2022.10.17 15:18:30 ERROR > [0m[36m[T][0m 	java.base/java.lang.Thread.run(Thread.java:834)
2022.10.17 15:18:30 ERROR > [0m[36m[T][0m Caused by: java.nio.file.NoSuchFileException: /home/sam/.cache/coursier/v1/https/repo1.maven.org/maven2/org/scala-lang/scala-compiler/2.13.4/scala-compiler-2.13.4.jar
2022.10.17 15:18:30 ERROR > [0m[36m[T][0m 	java.base/sun.nio.fs.UnixException.translateToIOException(UnixException.java:92)
2022.10.17 15:18:30 ERROR > [0m[36m[T][0m 	java.base/sun.nio.fs.UnixException.rethrowAsIOException(UnixException.java:111)
2022.10.17 15:18:30 ERROR > [0m[36m[T][0m 	java.base/sun.nio.fs.UnixException.rethrowAsIOException(UnixException.java:116)
2022.10.17 15:18:30 ERROR > [0m[36m[T][0m 	java.base/sun.nio.fs.UnixFileAttributeViews$Basic.readAttributes(UnixFileAttributeViews.java:55)
2022.10.17 15:18:30 ERROR > [0m[36m[T][0m 	java.base/sun.nio.fs.UnixFileSystemProvider.readAttributes(UnixFileSystemProvider.java:149)
2022.10.17 15:18:30 ERROR > [0m[36m[T][0m 	java.base/sun.nio.fs.LinuxFileSystemProvider.readAttributes(LinuxFileSystemProvider.java:99)
2022.10.17 15:18:30 ERROR > [0m[36m[T][0m 	java.base/java.nio.file.Files.readAttributes(Files.java:1763)
2022.10.17 15:18:30 ERROR > [0m[36m[T][0m 	bloop.ScalaInstance.$anonfun$hashCode$1(ScalaInstance.scala:111)
2022.10.17 15:18:30 ERROR > [0m[36m[T][0m 	scala.collection.TraversableLike.$anonfun$map$1(TraversableLike.scala:286)
2022.10.17 15:18:30 ERROR > [0m[36m[T][0m 	scala.collection.IndexedSeqOptimized.foreach(IndexedSeqOptimized.scala:36)
2022.10.17 15:18:30 ERROR > [0m[36m[T][0m 	scala.collection.IndexedSeqOptimized.foreach$(IndexedSeqOptimized.scala:33)
2022.10.17 15:18:30 ERROR > [0m[36m[T][0m 	scala.collection.mutable.WrappedArray.foreach(WrappedArray.scala:38)
2022.10.17 15:18:30 ERROR > [0m[36m[T][0m 	scala.collection.TraversableLike.map(TraversableLike.scala:286)
2022.10.17 15:18:30 ERROR > [0m[36m[T][0m 	scala.collection.TraversableLike.map$(TraversableLike.scala:279)
2022.10.17 15:18:30 ERROR > [0m[36m[T][0m 	scala.collection.AbstractTraversable.map(Traversable.scala:108)
2022.10.17 15:18:30 ERROR > [0m[36m[T][0m 	bloop.ScalaInstance.<init>(ScalaInstance.scala:107)
2022.10.17 15:18:30 ERROR > [0m[36m[T][0m 	bloop.ScalaInstance$.newInstance$1(ScalaInstance.scala:180)
2022.10.17 15:18:30 ERROR > [0m[36m[T][0m 	bloop.ScalaInstance$.$anonfun$apply$7(ScalaInstance.scala:185)
2022.10.17 15:18:30 ERROR > [0m[36m[T][0m 	java.base/java.util.concurrent.ConcurrentHashMap.computeIfAbsent(ConcurrentHashMap.java:1705)
2022.10.17 15:18:30 ERROR > [0m[36m[T][0m 	bloop.ScalaInstance$.apply(ScalaInstance.scala:185)
2022.10.17 15:18:30 ERROR > [0m[36m[T][0m 	bloop.data.Project$.$anonfun$fromConfig$1(Project.scala:311)
2022.10.17 15:18:30 ERROR > [0m[36m[T][0m 	scala.Option.flatMap(Option.scala:271)
2022.10.17 15:18:30 ERROR > [0m[36m[T][0m 	bloop.data.Project$.fromConfig(Project.scala:306)
2022.10.17 15:18:30 ERROR > [0m[36m[T][0m 	bloop.data.Project$.fromBytesAndOrigin(Project.scala:289)
2022.10.17 15:18:30 ERROR > [0m[36m[T][0m 	bloop.engine.BuildLoader$.loadProject(BuildLoader.scala:248)
2022.10.17 15:18:30 ERROR > [0m[36m[T][0m 	bloop.engine.BuildLoader$.$anonfun$loadBuildIncrementally$3(BuildLoader.scala:59)
2022.10.17 15:18:30 ERROR > [0m[36m[T][0m 	monix.eval.internal.TaskRunLoop$.startFull(TaskRunLoop.scala:81)
2022.10.17 15:18:30 ERROR > [0m[36m[T][0m 	monix.eval.internal.TaskRestartCallback.syncOnSuccess(TaskRestartCallback.scala:101)
2022.10.17 15:18:30 ERROR > [0m[36m[T][0m 	monix.eval.internal.TaskRestartCallback.onSuccess(TaskRestartCallback.scala:74)
2022.10.17 15:18:30 ERROR > [0m[36m[T][0m 	monix.eval.internal.TaskShift$Register$$anon$1.run(TaskShift.scala:65)
2022.10.17 15:18:30 ERROR > [0m[36m[T][0m 	monix.execution.internal.InterceptRunnable.run(InterceptRunnable.scala:27)
2022.10.17 15:18:30 ERROR > [0m[36m[T][0m 	java.base/java.util.concurrent.ThreadPoolExecutor.runWorker(ThreadPoolExecutor.java:1128)
2022.10.17 15:18:30 ERROR > [0m[36m[T][0m 	java.base/java.util.concurrent.ThreadPoolExecutor$Worker.run(ThreadPoolExecutor.java:628)
2022.10.17 15:18:30 ERROR > [0m[36m[T][0m 	java.base/java.lang.Thread.run(Thread.java:834)
2022.10.17 15:18:30 ERROR error: The launcher failed to establish a bsp connection, aborting...
2022.10.17 15:18:31 ERROR Failed to connect with build server, no functionality will work.java.lang.RuntimeException: The server did not start, got FailedToOpenBspConnection
	at bloop.launcher.LauncherMain.failPromise$1(Launcher.scala:92)
	at bloop.launcher.LauncherMain.runLauncher(Launcher.scala:119)
	at scala.meta.internal.metals.BloopServers$$anon$2.run(BloopServers.scala:496)
	at java.util.concurrent.Executors$RunnableAdapter.call(Executors.java:515)
	at java.util.concurrent.FutureTask.run(FutureTask.java:264)
	at java.util.concurrent.ThreadPoolExecutor.runWorker(ThreadPoolExecutor.java:1128)
	at java.util.concurrent.ThreadPoolExecutor$Worker.run(ThreadPoolExecutor.java:628)
	at java.lang.Thread.run(Thread.java:834)

2022.10.17 15:18:34 INFO  [info] loading settings for project octopush-akka-build-build-build from metals.sbt ...
2022.10.17 15:18:34 INFO  [info] loading project definition from /home/sam/Dev/octopush-akka/project/project/project
2022.10.17 15:18:34 INFO  no build target found for /home/sam/Dev/octopush-akka/project/project/metals.sbt. Using presentation compiler with project's scala-library version: 3.2.0
2022.10.17 15:18:37 INFO  [info] loading settings for project octopush-akka-build-build from metals.sbt ...
2022.10.17 15:18:37 INFO  [info] loading project definition from /home/sam/Dev/octopush-akka/project/project
2022.10.17 15:18:40 INFO  [success] Generated .bloop/octopush-akka-build-build.json
2022.10.17 15:18:40 INFO  [success] Total time: 3 s, completed 17 Oct 2022, 15:18:40
2022.10.17 15:18:41 INFO  [info] loading settings for project octopush-akka-build from metals.sbt,plugins.sbt ...
2022.10.17 15:18:41 INFO  [info] loading project definition from /home/sam/Dev/octopush-akka/project
2022.10.17 15:18:42 INFO  [success] Generated .bloop/octopush-akka-build.json
2022.10.17 15:18:42 INFO  [success] Total time: 1 s, completed 17 Oct 2022, 15:18:42
2022.10.17 15:18:43 ERROR /home/sam/Dev/octopush-akka/build.sbt:21: warning: method in in trait ScopingSetting is deprecated (since 1.5.0): `in` is deprecated; migrate to slash syntax - https://www.scala-sbt.org/1.x/docs/Migrating-from-sbt-013x.html#slash
2022.10.17 15:18:43 ERROR       fork in Test := true,
2022.10.17 15:18:43 ERROR            ^
2022.10.17 15:18:43 INFO  [info] loading settings for project octopushAkka from build.sbt ...
2022.10.17 15:18:43 INFO  [info] set current project to octopush-akka (in build file:/home/sam/Dev/octopush-akka/)
2022.10.17 15:18:43 INFO  [success] Generated .bloop/octopushAkka.json
2022.10.17 15:18:43 INFO  [success] Generated .bloop/octopushAkka-test.json
2022.10.17 15:18:43 INFO  [success] Total time: 1 s, completed 17 Oct 2022, 15:18:44
2022.10.17 15:18:44 INFO  time: ran 'sbt bloopInstall' in 19s
2022.10.17 15:18:44 INFO  Attempting to connect to the build server...
2022.10.17 15:18:44 INFO  Bloop uses /home/sam/.jabba/jdk/adopt@1.11.0-9 defined at /home/sam/.bloop/bloop.json
2022.10.17 15:18:47 INFO  tracing is disabled for protocol BSP, to enable tracing of incoming and outgoing JSON messages create an empty file at /home/sam/Dev/octopush-akka/.metals/bsp.trace.json or /home/sam/.cache/metals/bsp.trace.json
2022.10.17 15:18:47 INFO  Attempting to connect to the build server...
2022.10.17 15:18:47 INFO  Bloop uses /home/sam/.jabba/jdk/adopt@1.11.0-9 defined at /home/sam/.bloop/bloop.json
2022.10.17 15:18:47 INFO  Attempting to connect to the build server...
2022.10.17 15:18:47 INFO  Bloop uses /home/sam/.jabba/jdk/adopt@1.11.0-9 defined at /home/sam/.bloop/bloop.json
2022.10.17 15:18:48 INFO  tracing is disabled for protocol BSP, to enable tracing of incoming and outgoing JSON messages create an empty file at /home/sam/Dev/octopush-akka/project/.metals/bsp.trace.json or /home/sam/.cache/metals/bsp.trace.json
2022.10.17 15:18:48 INFO  tracing is disabled for protocol BSP, to enable tracing of incoming and outgoing JSON messages create an empty file at /home/sam/Dev/octopush-akka/project/project/.metals/bsp.trace.json or /home/sam/.cache/metals/bsp.trace.json
2022.10.17 15:18:48 INFO  time: Connected to build server in 4.33s
2022.10.17 15:18:48 INFO  Connected to Build server: Bloop v1.5.4
2022.10.17 15:18:48 INFO  time: Imported build in 0.1s
2022.10.17 15:18:55 INFO  time: indexed workspace in 5.66s
2022.10.17 15:19:02 INFO  compiling octopushakka (2 scala sources)
2022.10.17 15:19:18 INFO  compiling octopushakka-test (1 scala source)
2022.10.17 15:19:18 INFO  time: compiled octopushAkka in 16s
2022.10.17 15:19:21 INFO  time: compiled octopushAkka-test in 2.71s
2022.10.17 15:20:32 INFO  compiling octopushakka (1 scala source)
2022.10.17 15:20:34 INFO  time: compiled octopushAkka in 2.05s
2022.10.17 15:22:55 INFO  compiling octopushakka (1 scala source)
2022.10.17 15:22:55 INFO  time: compiled octopushAkka in 0.63s
2022.10.17 15:22:58 INFO  compiling octopushakka (1 scala source)
2022.10.17 15:22:59 INFO  time: compiled octopushAkka in 1.47s
2022.10.17 15:23:04 INFO  compiling octopushakka (1 scala source)
2022.10.17 15:23:05 INFO  time: compiled octopushAkka in 1.42s
2022.10.17 15:23:46 INFO  compiling octopushakka (1 scala source)
2022.10.17 15:23:47 INFO  time: compiled octopushAkka in 1.25s
2022.10.17 15:23:56 INFO  compiling octopushakka (1 scala source)
2022.10.17 15:23:58 INFO  time: compiled octopushAkka in 1.88s
Oct 17, 2022 3:24:02 PM scala.meta.internal.pc.CompletionProvider expected$1
WARNING: null
Oct 17, 2022 3:24:03 PM scala.meta.internal.pc.CompletionProvider expected$1
WARNING: null
Oct 17, 2022 3:24:04 PM scala.meta.internal.pc.CompilerAccess retryWithCleanCompiler
INFO: compiler crashed due to an error in the Scala compiler, retrying with new compiler instance.
2022.10.17 15:24:05 INFO  compiling octopushakka-test (1 scala source)
2022.10.17 15:24:05 INFO  time: compiled octopushAkka-test in 0.38s
2022.10.17 15:24:11 INFO  compiling octopushakka-test (1 scala source)
2022.10.17 15:24:12 INFO  time: compiled octopushAkka-test in 1.49s
2022.10.17 15:24:36 INFO  compiling octopushakka-test (1 scala source)
2022.10.17 15:24:37 INFO  time: compiled octopushAkka-test in 1.15s
Oct 17, 2022 3:24:38 PM scala.meta.internal.pc.CompletionProvider expected$1
WARNING: null
Oct 17, 2022 3:24:38 PM scala.meta.internal.pc.CompletionProvider expected$1
WARNING: null
2022.10.17 15:24:42 INFO  compiling octopushakka-test (1 scala source)
2022.10.17 15:24:43 INFO  time: compiled octopushAkka-test in 1.3s
2022.10.17 15:25:13 INFO  compiling octopushakka-test (1 scala source)
2022.10.17 15:25:14 INFO  time: compiled octopushAkka-test in 1.32s
Oct 17, 2022 3:25:14 PM scala.meta.internal.pc.CompilerAccess handleError
SEVERE: illegal cyclic inheritance involving class OctopushSpec
scala.reflect.internal.Types$TypeError: illegal cyclic inheritance involving class OctopushSpec

Oct 17, 2022 3:25:14 PM scala.meta.internal.pc.CompilerAccess retryWithCleanCompiler
INFO: compiler crashed due to an error in the Scala compiler, retrying with new compiler instance.
Oct 17, 2022 3:25:19 PM scala.meta.internal.pc.CompletionProvider expected$1
WARNING: null
Oct 17, 2022 3:25:21 PM org.eclipse.lsp4j.jsonrpc.RemoteEndpoint handleCancellation
WARNING: Unmatched cancel notification for request id 403
Oct 17, 2022 3:25:26 PM scala.meta.internal.pc.CompilerAccess retryWithCleanCompiler
INFO: compiler crashed due to an error in the Scala compiler, retrying with new compiler instance.
Oct 17, 2022 3:25:28 PM scala.meta.internal.pc.CompletionProvider expected$1
WARNING: null
Exception in thread "pool-5-thread-1" java.lang.InterruptedException
	at scala.meta.internal.metals.FutureCancelToken.checkCanceled(FutureCancelToken.scala:29)
	at scala.meta.internal.pc.CompilerAccess.$anonfun$onCompilerJobQueue$1(CompilerAccess.scala:195)
	at scala.meta.internal.pc.CompilerJobQueue$Job.run(CompilerJobQueue.scala:152)
	at java.base/java.util.concurrent.ThreadPoolExecutor.runWorker(ThreadPoolExecutor.java:1128)
	at java.base/java.util.concurrent.ThreadPoolExecutor$Worker.run(ThreadPoolExecutor.java:628)
	at java.base/java.lang.Thread.run(Thread.java:834)
Oct 17, 2022 3:25:29 PM scala.meta.internal.pc.CompletionProvider expected$1
WARNING: null
2022.10.17 15:25:30 INFO  compiling octopushakka-test (1 scala source)
2022.10.17 15:25:31 INFO  time: compiled octopushAkka-test in 1.13s
Oct 17, 2022 3:26:21 PM scala.meta.internal.pc.CompilerAccess handleError
SEVERE: -1 is out of bounds (min 0, max 2)
java.lang.IndexOutOfBoundsException: -1 is out of bounds (min 0, max 2)
	at scala.collection.mutable.ArrayBuffer.apply(ArrayBuffer.scala:98)
	at scala.reflect.internal.Types$Type.findMemberInternal$1(Types.scala:1030)
	at scala.reflect.internal.Types$Type.findMember(Types.scala:1035)
	at scala.reflect.internal.Types$Type.memberBasedOnName(Types.scala:661)
	at scala.reflect.internal.Types$Type.member(Types.scala:625)
	at scala.tools.nsc.typechecker.Contexts$SymbolLookup.apply(Contexts.scala:1401)
	at scala.tools.nsc.typechecker.Contexts$Context.lookupSymbol(Contexts.scala:1283)
	at scala.tools.nsc.typechecker.Typers$Typer.typedIdent$2(Typers.scala:5470)
	at scala.tools.nsc.typechecker.Typers$Typer.typedIdentOrWildcard$1(Typers.scala:5522)
	at scala.tools.nsc.typechecker.Typers$Typer.typed1(Typers.scala:5983)
	at scala.tools.nsc.typechecker.Typers$Typer.typed(Typers.scala:6041)
	at scala.tools.nsc.typechecker.Typers$Typer.typedType(Typers.scala:6236)
	at scala.tools.nsc.typechecker.Typers$Typer.typedHigherKindedType(Typers.scala:6243)
	at scala.tools.nsc.typechecker.Typers$Typer.$anonfun$typed1$78(Typers.scala:5571)
	at scala.tools.nsc.typechecker.Typers$Typer.typedAppliedTypeTree$1(Typers.scala:5560)
	at scala.tools.nsc.typechecker.Typers$Typer.typed1(Typers.scala:5938)
	at scala.tools.nsc.typechecker.Typers$Typer.typed(Typers.scala:6041)
	at scala.tools.nsc.typechecker.Typers$Typer.typedType(Typers.scala:6236)
	at scala.tools.nsc.typechecker.Typers$Typer.typedType(Typers.scala:6239)
	at scala.tools.nsc.typechecker.Namers$Namer.valDefSig(Namers.scala:1756)
	at scala.tools.nsc.typechecker.Namers$Namer.memberSig(Namers.scala:1930)
	at scala.tools.nsc.typechecker.Namers$Namer.typeSig(Namers.scala:1880)
	at scala.tools.nsc.typechecker.Namers$Namer$MonoTypeCompleter.completeImpl(Namers.scala:874)
	at scala.tools.nsc.typechecker.Namers$LockingTypeCompleter.complete(Namers.scala:2078)
	at scala.tools.nsc.typechecker.Namers$LockingTypeCompleter.complete$(Namers.scala:2076)
	at scala.tools.nsc.typechecker.Namers$TypeCompleterBase.complete(Namers.scala:2071)
	at scala.reflect.internal.Symbols$Symbol.completeInfo(Symbols.scala:1561)
	at scala.reflect.internal.Symbols$Symbol.info(Symbols.scala:1533)
	at scala.tools.nsc.typechecker.Namers$DependentTypeChecker.$anonfun$check$2(Namers.scala:2156)
	at scala.tools.nsc.typechecker.Namers$DependentTypeChecker.$anonfun$check$1(Namers.scala:2155)
	at scala.tools.nsc.typechecker.Namers$DependentTypeChecker.check(Namers.scala:2154)
	at scala.tools.nsc.typechecker.Namers$Namer.methodSig(Namers.scala:1439)
	at scala.tools.nsc.typechecker.Namers$Namer.memberSig(Namers.scala:1929)
	at scala.tools.nsc.typechecker.Namers$Namer.typeSig(Namers.scala:1880)
	at scala.tools.nsc.typechecker.Namers$Namer$MonoTypeCompleter.completeImpl(Namers.scala:874)
	at scala.tools.nsc.typechecker.Namers$LockingTypeCompleter.complete(Namers.scala:2078)
	at scala.tools.nsc.typechecker.Namers$LockingTypeCompleter.complete$(Namers.scala:2076)
	at scala.tools.nsc.typechecker.Namers$TypeCompleterBase.complete(Namers.scala:2071)
	at scala.tools.nsc.typechecker.Namers$CompleterWrapper.complete(Namers.scala:2127)
	at scala.tools.nsc.typechecker.Namers$Namer$$anon$2.complete(Namers.scala:648)
	at scala.reflect.internal.Symbols$Symbol.completeInfo(Symbols.scala:1561)
	at scala.reflect.internal.Symbols$Symbol.info(Symbols.scala:1533)
	at scala.reflect.internal.Symbols$Symbol.initialize(Symbols.scala:1722)
	at scala.tools.nsc.typechecker.Typers$Typer.$anonfun$typedStats$4(Typers.scala:3361)
	at scala.tools.nsc.typechecker.Typers$Typer.$anonfun$typedStats$4$adapted(Typers.scala:3357)
	at scala.reflect.internal.Scopes$Scope.foreach(Scopes.scala:455)
	at scala.tools.nsc.typechecker.Typers$Typer.addSynthetics$1(Typers.scala:3357)
	at scala.tools.nsc.typechecker.Typers$Typer.typedStats(Typers.scala:3422)
	at scala.tools.nsc.typechecker.Typers$Typer.typedTemplate(Typers.scala:2064)
	at scala.tools.nsc.typechecker.Typers$Typer.typedModuleDef(Typers.scala:1940)
	at scala.tools.nsc.typechecker.Typers$Typer.typed1(Typers.scala:5952)
	at scala.tools.nsc.typechecker.Typers$Typer.typed(Typers.scala:6041)
	at scala.tools.nsc.typechecker.Typers$Typer.typedStat$1(Typers.scala:6119)
	at scala.tools.nsc.typechecker.Typers$Typer.$anonfun$typedStats$8(Typers.scala:3410)
	at scala.tools.nsc.typechecker.Typers$Typer.typedStats(Typers.scala:3410)
	at scala.tools.nsc.typechecker.Typers$Typer.typedTemplate(Typers.scala:2064)
	at scala.tools.nsc.typechecker.Typers$Typer.typedModuleDef(Typers.scala:1940)
	at scala.tools.nsc.typechecker.Typers$Typer.typed1(Typers.scala:5952)
	at scala.tools.nsc.typechecker.Typers$Typer.typed(Typers.scala:6041)
	at scala.tools.nsc.typechecker.Typers$Typer.typedStat$1(Typers.scala:6119)
	at scala.tools.nsc.typechecker.Typers$Typer.$anonfun$typedStats$8(Typers.scala:3410)
	at scala.tools.nsc.typechecker.Typers$Typer.typedStats(Typers.scala:3410)
	at scala.tools.nsc.typechecker.Typers$Typer.typedPackageDef$1(Typers.scala:5634)
	at scala.tools.nsc.typechecker.Typers$Typer.typed1(Typers.scala:5954)
	at scala.tools.nsc.typechecker.Typers$Typer.typed(Typers.scala:6041)
	at scala.tools.nsc.typechecker.Analyzer$typerFactory$TyperPhase.apply(Analyzer.scala:117)
	at scala.tools.nsc.Global$GlobalPhase.applyPhase(Global.scala:459)
	at scala.tools.nsc.interactive.Global$TyperRun.applyPhase(Global.scala:1349)
	at scala.tools.nsc.interactive.Global$TyperRun.typeCheck(Global.scala:1342)
	at scala.tools.nsc.interactive.Global.typeCheck(Global.scala:680)
	at scala.meta.internal.pc.PcDocumentHighlightProvider.highlights(PcDocumentHighlightProvider.scala:39)

Oct 17, 2022 3:26:25 PM org.eclipse.lsp4j.jsonrpc.RemoteEndpoint handleCancellation
WARNING: Unmatched cancel notification for request id 544
2022.10.17 15:26:25 INFO  compiling octopushakka (1 scala source)
2022.10.17 15:26:26 INFO  time: compiled octopushAkka in 1.04s
2022.10.17 15:27:14 INFO  compiling octopushakka (1 scala source)
2022.10.17 15:27:15 INFO  time: compiled octopushAkka in 1.06s
2022.10.17 15:28:55 INFO  compiling octopushakka (1 scala source)
2022.10.17 15:28:57 INFO  time: compiled octopushAkka in 1.07s
2022.10.17 15:30:09 INFO  compiling octopushakka (1 scala source)
2022.10.17 15:30:10 INFO  time: compiled octopushAkka in 1.03s
2022.10.17 15:33:07 INFO  compiling octopushakka-test (1 scala source)
2022.10.17 15:33:08 INFO  time: compiled octopushAkka-test in 1.04s
2022.10.17 15:37:32 INFO  compiling octopushakka (1 scala source)
2022.10.17 15:37:33 INFO  time: compiled octopushAkka in 1.3s
2022.10.17 15:38:20 INFO  compiling octopushakka (1 scala source)
2022.10.17 15:38:21 INFO  time: compiled octopushAkka in 1.05s
2022.10.17 15:38:30 INFO  compiling octopushakka (1 scala source)
2022.10.17 15:38:31 INFO  time: compiled octopushAkka in 1.77s
2022.10.17 15:57:51 INFO  compiling octopushakka (1 scala source)
2022.10.17 15:57:51 INFO  time: compiled octopushAkka in 0.27s
2022.10.17 15:58:04 INFO  compiling octopushakka (1 scala source)
2022.10.17 15:58:04 INFO  time: compiled octopushAkka in 0.18s
Oct 17, 2022 4:00:21 PM org.eclipse.lsp4j.jsonrpc.RemoteEndpoint handleCancellation
WARNING: Unmatched cancel notification for request id 1298
2022.10.17 16:00:35 INFO  compiling octopushakka (1 scala source)
2022.10.17 16:00:35 INFO  time: compiled octopushAkka in 77ms
2022.10.17 16:00:39 INFO  compiling octopushakka (1 scala source)
2022.10.17 16:00:39 INFO  time: compiled octopushAkka in 48ms
2022.10.17 16:00:56 INFO  compiling octopushakka (1 scala source)
2022.10.17 16:00:56 INFO  time: compiled octopushAkka in 0.21s
2022.10.17 16:01:15 INFO  compiling octopushakka (1 scala source)
2022.10.17 16:01:15 INFO  time: compiled octopushAkka in 0.24s
2022.10.17 16:01:21 INFO  compiling octopushakka (1 scala source)
2022.10.17 16:01:21 INFO  time: compiled octopushAkka in 0.18s
2022.10.17 16:01:26 INFO  compiling octopushakka (1 scala source)
2022.10.17 16:01:26 INFO  time: compiled octopushAkka in 0.2s
2022.10.17 16:01:45 INFO  compiling octopushakka (1 scala source)
2022.10.17 16:01:45 INFO  time: compiled octopushAkka in 0.31s
Oct 17, 2022 4:01:50 PM scala.meta.internal.pc.CompilerAccess retryWithCleanCompiler
INFO: compiler crashed due to an error in the Scala compiler, retrying with new compiler instance.
2022.10.17 16:01:56 INFO  compiling octopushakka (1 scala source)
2022.10.17 16:01:56 INFO  time: compiled octopushAkka in 0.19s
2022.10.17 16:02:31 INFO  file:///home/sam/Dev/octopush-akka/src/main/scala/net.rfc1149/octopush/Octopush.scala:32:22: stale bloop error: illegal inheritance;
 self-type akka.http.scaladsl.model.headers.ModeledCustomHeader[Nothing] does not conform to akka.http.scaladsl.model.headers.ModeledCustomHeader[Nothing]'s selftype Nothing
      .addHeader(new ModeledCustomHeader { val name = "api-login"; val value = userLogin })
                     ^^^^^^^^^^^^^^^^^^^
2022.10.17 16:02:31 INFO  file:///home/sam/Dev/octopush-akka/src/main/scala/net.rfc1149/octopush/Octopush.scala:33:22: stale bloop error: illegal inheritance;
 self-type akka.http.scaladsl.model.headers.ModeledCustomHeader[Nothing] does not conform to akka.http.scaladsl.model.headers.ModeledCustomHeader[Nothing]'s selftype Nothing
      .addHeader(new ModeledCustomHeader { name: "api-key"; value: apiKey })
                     ^^^^^^^^^^^^^^^^^^^
2022.10.17 16:02:31 INFO  file:///home/sam/Dev/octopush-akka/src/main/scala/net.rfc1149/octopush/Octopush.scala:33:44: stale bloop error: type mismatch;
 found   : String
 required: "api-key"
      .addHeader(new ModeledCustomHeader { name: "api-key"; value: apiKey })
                                           ^^^^
2022.10.17 16:02:31 INFO  file:///home/sam/Dev/octopush-akka/src/main/scala/net.rfc1149/octopush/Octopush.scala:33:68: stale bloop error: not found: type apiKey
      .addHeader(new ModeledCustomHeader { name: "api-key"; value: apiKey })
                                                                   ^^^^^^
2022.10.17 16:02:31 INFO  file:///home/sam/Dev/octopush-akka/src/main/scala/net.rfc1149/octopush/Octopush.scala:32:22: stale bloop error: illegal inheritance;
 self-type akka.http.scaladsl.model.headers.ModeledCustomHeader[Nothing] does not conform to akka.http.scaladsl.model.headers.ModeledCustomHeader[Nothing]'s selftype Nothing
      .addHeader(new ModeledCustomHeader { val name = "api-login"; val value = userLogin })
                     ^^^^^^^^^^^^^^^^^^^
2022.10.17 16:02:31 INFO  file:///home/sam/Dev/octopush-akka/src/main/scala/net.rfc1149/octopush/Octopush.scala:33:22: stale bloop error: illegal inheritance;
 self-type akka.http.scaladsl.model.headers.ModeledCustomHeader[Nothing] does not conform to akka.http.scaladsl.model.headers.ModeledCustomHeader[Nothing]'s selftype Nothing
      .addHeader(new ModeledCustomHeader { name: "api-key"; value: apiKey })
                     ^^^^^^^^^^^^^^^^^^^
2022.10.17 16:02:31 INFO  file:///home/sam/Dev/octopush-akka/src/main/scala/net.rfc1149/octopush/Octopush.scala:33:44: stale bloop error: type mismatch;
 found   : String
 required: "api-key"
      .addHeader(new ModeledCustomHeader { name: "api-key"; value: apiKey })
                                           ^^^^
2022.10.17 16:02:31 INFO  file:///home/sam/Dev/octopush-akka/src/main/scala/net.rfc1149/octopush/Octopush.scala:33:68: stale bloop error: not found: type apiKey
      .addHeader(new ModeledCustomHeader { name: "api-key"; value: apiKey })
                                                                   ^^^^^^
2022.10.17 16:02:31 INFO  file:///home/sam/Dev/octopush-akka/src/main/scala/net.rfc1149/octopush/Octopush.scala:32:22: stale bloop error: illegal inheritance;
 self-type akka.http.scaladsl.model.headers.ModeledCustomHeader[Nothing] does not conform to akka.http.scaladsl.model.headers.ModeledCustomHeader[Nothing]'s selftype Nothing
      .addHeader(new ModeledCustomHeader { val name = "api-login"; val value = userLogin })
                     ^^^^^^^^^^^^^^^^^^^
2022.10.17 16:02:31 INFO  file:///home/sam/Dev/octopush-akka/src/main/scala/net.rfc1149/octopush/Octopush.scala:33:22: stale bloop error: illegal inheritance;
 self-type akka.http.scaladsl.model.headers.ModeledCustomHeader[Nothing] does not conform to akka.http.scaladsl.model.headers.ModeledCustomHeader[Nothing]'s selftype Nothing
      .addHeader(new ModeledCustomHeader { name: "api-key"; value: apiKey })
                     ^^^^^^^^^^^^^^^^^^^
2022.10.17 16:02:31 INFO  file:///home/sam/Dev/octopush-akka/src/main/scala/net.rfc1149/octopush/Octopush.scala:33:44: stale bloop error: type mismatch;
 found   : String
 required: "api-key"
      .addHeader(new ModeledCustomHeader { name: "api-key"; value: apiKey })
                                           ^^^^
2022.10.17 16:02:31 INFO  file:///home/sam/Dev/octopush-akka/src/main/scala/net.rfc1149/octopush/Octopush.scala:33:68: stale bloop error: not found: type apiKey
      .addHeader(new ModeledCustomHeader { name: "api-key"; value: apiKey })
                                                                   ^^^^^^
2022.10.17 16:02:31 INFO  file:///home/sam/Dev/octopush-akka/src/main/scala/net.rfc1149/octopush/Octopush.scala:32:22: stale bloop error: illegal inheritance;
 self-type akka.http.scaladsl.model.headers.ModeledCustomHeader[Nothing] does not conform to akka.http.scaladsl.model.headers.ModeledCustomHeader[Nothing]'s selftype Nothing
      .addHeader(new ModeledCustomHeader { val name = "api-login"; val value = userLogin })
                     ^^^^^^^^^^^^^^^^^^^
2022.10.17 16:02:31 INFO  file:///home/sam/Dev/octopush-akka/src/main/scala/net.rfc1149/octopush/Octopush.scala:33:22: stale bloop error: illegal inheritance;
 self-type akka.http.scaladsl.model.headers.ModeledCustomHeader[Nothing] does not conform to akka.http.scaladsl.model.headers.ModeledCustomHeader[Nothing]'s selftype Nothing
      .addHeader(new ModeledCustomHeader { name: "api-key"; value: apiKey })
                     ^^^^^^^^^^^^^^^^^^^
2022.10.17 16:02:31 INFO  file:///home/sam/Dev/octopush-akka/src/main/scala/net.rfc1149/octopush/Octopush.scala:33:44: stale bloop error: type mismatch;
 found   : String
 required: "api-key"
      .addHeader(new ModeledCustomHeader { name: "api-key"; value: apiKey })
                                           ^^^^
2022.10.17 16:02:31 INFO  file:///home/sam/Dev/octopush-akka/src/main/scala/net.rfc1149/octopush/Octopush.scala:33:68: stale bloop error: not found: type apiKey
      .addHeader(new ModeledCustomHeader { name: "api-key"; value: apiKey })
                                                                   ^^^^^^
2022.10.17 16:02:31 INFO  file:///home/sam/Dev/octopush-akka/src/main/scala/net.rfc1149/octopush/Octopush.scala:32:22: stale bloop error: illegal inheritance;
 self-type akka.http.scaladsl.model.headers.ModeledCustomHeader[Nothing] does not conform to akka.http.scaladsl.model.headers.ModeledCustomHeader[Nothing]'s selftype Nothing
      .addHeader(new ModeledCustomHeader { val name = "api-login"; val value = userLogin })
                     ^^^^^^^^^^^^^^^^^^^
2022.10.17 16:02:31 INFO  file:///home/sam/Dev/octopush-akka/src/main/scala/net.rfc1149/octopush/Octopush.scala:33:22: stale bloop error: illegal inheritance;
 self-type akka.http.scaladsl.model.headers.ModeledCustomHeader[Nothing] does not conform to akka.http.scaladsl.model.headers.ModeledCustomHeader[Nothing]'s selftype Nothing
      .addHeader(new ModeledCustomHeader { name: "api-key"; value: apiKey })
                     ^^^^^^^^^^^^^^^^^^^
2022.10.17 16:02:31 INFO  file:///home/sam/Dev/octopush-akka/src/main/scala/net.rfc1149/octopush/Octopush.scala:33:44: stale bloop error: type mismatch;
 found   : String
 required: "api-key"
      .addHeader(new ModeledCustomHeader { name: "api-key"; value: apiKey })
                                           ^^^^
2022.10.17 16:02:31 INFO  file:///home/sam/Dev/octopush-akka/src/main/scala/net.rfc1149/octopush/Octopush.scala:33:68: stale bloop error: not found: type apiKey
      .addHeader(new ModeledCustomHeader { name: "api-key"; value: apiKey })
                                                                   ^^^^^^
2022.10.17 16:02:31 INFO  file:///home/sam/Dev/octopush-akka/src/main/scala/net.rfc1149/octopush/Octopush.scala:32:22: stale bloop error: illegal inheritance;
 self-type akka.http.scaladsl.model.headers.ModeledCustomHeader[Nothing] does not conform to akka.http.scaladsl.model.headers.ModeledCustomHeader[Nothing]'s selftype Nothing
      .addHeader(new ModeledCustomHeader { val name = "api-login"; val value = userLogin })
                     ^^^^^^^^^^^^^^^^^^^
2022.10.17 16:02:31 INFO  file:///home/sam/Dev/octopush-akka/src/main/scala/net.rfc1149/octopush/Octopush.scala:33:22: stale bloop error: illegal inheritance;
 self-type akka.http.scaladsl.model.headers.ModeledCustomHeader[Nothing] does not conform to akka.http.scaladsl.model.headers.ModeledCustomHeader[Nothing]'s selftype Nothing
      .addHeader(new ModeledCustomHeader { name: "api-key"; value: apiKey })
                     ^^^^^^^^^^^^^^^^^^^
2022.10.17 16:02:31 INFO  file:///home/sam/Dev/octopush-akka/src/main/scala/net.rfc1149/octopush/Octopush.scala:33:44: stale bloop error: type mismatch;
 found   : String
 required: "api-key"
      .addHeader(new ModeledCustomHeader { name: "api-key"; value: apiKey })
                                           ^^^^
2022.10.17 16:02:31 INFO  file:///home/sam/Dev/octopush-akka/src/main/scala/net.rfc1149/octopush/Octopush.scala:33:68: stale bloop error: not found: type apiKey
      .addHeader(new ModeledCustomHeader { name: "api-key"; value: apiKey })
                                                                   ^^^^^^
2022.10.17 16:02:31 INFO  file:///home/sam/Dev/octopush-akka/src/main/scala/net.rfc1149/octopush/Octopush.scala:32:22: stale bloop error: illegal inheritance;
 self-type akka.http.scaladsl.model.headers.ModeledCustomHeader[Nothing] does not conform to akka.http.scaladsl.model.headers.ModeledCustomHeader[Nothing]'s selftype Nothing
      .addHeader(new ModeledCustomHeader { val name = "api-login"; val value = userLogin })
                     ^^^^^^^^^^^^^^^^^^^
2022.10.17 16:02:31 INFO  file:///home/sam/Dev/octopush-akka/src/main/scala/net.rfc1149/octopush/Octopush.scala:33:22: stale bloop error: illegal inheritance;
 self-type akka.http.scaladsl.model.headers.ModeledCustomHeader[Nothing] does not conform to akka.http.scaladsl.model.headers.ModeledCustomHeader[Nothing]'s selftype Nothing
      .addHeader(new ModeledCustomHeader { name: "api-key"; value: apiKey })
                     ^^^^^^^^^^^^^^^^^^^
2022.10.17 16:02:31 INFO  file:///home/sam/Dev/octopush-akka/src/main/scala/net.rfc1149/octopush/Octopush.scala:33:44: stale bloop error: type mismatch;
 found   : String
 required: "api-key"
      .addHeader(new ModeledCustomHeader { name: "api-key"; value: apiKey })
                                           ^^^^
2022.10.17 16:02:31 INFO  file:///home/sam/Dev/octopush-akka/src/main/scala/net.rfc1149/octopush/Octopush.scala:33:68: stale bloop error: not found: type apiKey
      .addHeader(new ModeledCustomHeader { name: "api-key"; value: apiKey })
                                                                   ^^^^^^
2022.10.17 16:02:31 INFO  file:///home/sam/Dev/octopush-akka/src/main/scala/net.rfc1149/octopush/Octopush.scala:32:22: stale bloop error: illegal inheritance;
 self-type akka.http.scaladsl.model.headers.ModeledCustomHeader[Nothing] does not conform to akka.http.scaladsl.model.headers.ModeledCustomHeader[Nothing]'s selftype Nothing
      .addHeader(new ModeledCustomHeader { val name = "api-login"; val value = userLogin })
                     ^^^^^^^^^^^^^^^^^^^
2022.10.17 16:02:31 INFO  file:///home/sam/Dev/octopush-akka/src/main/scala/net.rfc1149/octopush/Octopush.scala:33:22: stale bloop error: illegal inheritance;
 self-type akka.http.scaladsl.model.headers.ModeledCustomHeader[Nothing] does not conform to akka.http.scaladsl.model.headers.ModeledCustomHeader[Nothing]'s selftype Nothing
      .addHeader(new ModeledCustomHeader { name: "api-key"; value: apiKey })
                     ^^^^^^^^^^^^^^^^^^^
2022.10.17 16:02:31 INFO  file:///home/sam/Dev/octopush-akka/src/main/scala/net.rfc1149/octopush/Octopush.scala:33:44: stale bloop error: type mismatch;
 found   : String
 required: "api-key"
      .addHeader(new ModeledCustomHeader { name: "api-key"; value: apiKey })
                                           ^^^^
2022.10.17 16:02:31 INFO  file:///home/sam/Dev/octopush-akka/src/main/scala/net.rfc1149/octopush/Octopush.scala:33:68: stale bloop error: not found: type apiKey
      .addHeader(new ModeledCustomHeader { name: "api-key"; value: apiKey })
                                                                   ^^^^^^
2022.10.17 16:02:31 INFO  file:///home/sam/Dev/octopush-akka/src/main/scala/net.rfc1149/octopush/Octopush.scala:32:22: stale bloop error: illegal inheritance;
 self-type akka.http.scaladsl.model.headers.ModeledCustomHeader[Nothing] does not conform to akka.http.scaladsl.model.headers.ModeledCustomHeader[Nothing]'s selftype Nothing
      .addHeader(new ModeledCustomHeader { val name = "api-login"; val value = userLogin })
                     ^^^^^^^^^^^^^^^^^^^
2022.10.17 16:02:31 INFO  file:///home/sam/Dev/octopush-akka/src/main/scala/net.rfc1149/octopush/Octopush.scala:33:22: stale bloop error: illegal inheritance;
 self-type akka.http.scaladsl.model.headers.ModeledCustomHeader[Nothing] does not conform to akka.http.scaladsl.model.headers.ModeledCustomHeader[Nothing]'s selftype Nothing
      .addHeader(new ModeledCustomHeader { name: "api-key"; value: apiKey })
                     ^^^^^^^^^^^^^^^^^^^
2022.10.17 16:02:31 INFO  file:///home/sam/Dev/octopush-akka/src/main/scala/net.rfc1149/octopush/Octopush.scala:33:44: stale bloop error: type mismatch;
 found   : String
 required: "api-key"
      .addHeader(new ModeledCustomHeader { name: "api-key"; value: apiKey })
                                           ^^^^
2022.10.17 16:02:31 INFO  file:///home/sam/Dev/octopush-akka/src/main/scala/net.rfc1149/octopush/Octopush.scala:33:68: stale bloop error: not found: type apiKey
      .addHeader(new ModeledCustomHeader { name: "api-key"; value: apiKey })
                                                                   ^^^^^^
2022.10.17 16:02:31 INFO  file:///home/sam/Dev/octopush-akka/src/main/scala/net.rfc1149/octopush/Octopush.scala:32:22: stale bloop error: illegal inheritance;
 self-type akka.http.scaladsl.model.headers.ModeledCustomHeader[Nothing] does not conform to akka.http.scaladsl.model.headers.ModeledCustomHeader[Nothing]'s selftype Nothing
      .addHeader(new ModeledCustomHeader { val name = "api-login"; val value = userLogin })
                     ^^^^^^^^^^^^^^^^^^^
2022.10.17 16:02:31 INFO  file:///home/sam/Dev/octopush-akka/src/main/scala/net.rfc1149/octopush/Octopush.scala:33:22: stale bloop error: illegal inheritance;
 self-type akka.http.scaladsl.model.headers.ModeledCustomHeader[Nothing] does not conform to akka.http.scaladsl.model.headers.ModeledCustomHeader[Nothing]'s selftype Nothing
      .addHeader(new ModeledCustomHeader { name: "api-key"; value: apiKey })
                     ^^^^^^^^^^^^^^^^^^^
2022.10.17 16:02:31 INFO  file:///home/sam/Dev/octopush-akka/src/main/scala/net.rfc1149/octopush/Octopush.scala:33:44: stale bloop error: type mismatch;
 found   : String
 required: "api-key"
      .addHeader(new ModeledCustomHeader { name: "api-key"; value: apiKey })
                                           ^^^^
2022.10.17 16:02:31 INFO  file:///home/sam/Dev/octopush-akka/src/main/scala/net.rfc1149/octopush/Octopush.scala:33:68: stale bloop error: not found: type apiKey
      .addHeader(new ModeledCustomHeader { name: "api-key"; value: apiKey })
                                                                   ^^^^^^
2022.10.17 16:02:31 INFO  file:///home/sam/Dev/octopush-akka/src/main/scala/net.rfc1149/octopush/Octopush.scala:32:22: stale bloop error: illegal inheritance;
 self-type akka.http.scaladsl.model.headers.ModeledCustomHeader[Nothing] does not conform to akka.http.scaladsl.model.headers.ModeledCustomHeader[Nothing]'s selftype Nothing
      .addHeader(new ModeledCustomHeader { val name = "api-login"; val value = userLogin })
                     ^^^^^^^^^^^^^^^^^^^
2022.10.17 16:02:31 INFO  file:///home/sam/Dev/octopush-akka/src/main/scala/net.rfc1149/octopush/Octopush.scala:33:22: stale bloop error: illegal inheritance;
 self-type akka.http.scaladsl.model.headers.ModeledCustomHeader[Nothing] does not conform to akka.http.scaladsl.model.headers.ModeledCustomHeader[Nothing]'s selftype Nothing
      .addHeader(new ModeledCustomHeader { name: "api-key"; value: apiKey })
                     ^^^^^^^^^^^^^^^^^^^
2022.10.17 16:02:31 INFO  file:///home/sam/Dev/octopush-akka/src/main/scala/net.rfc1149/octopush/Octopush.scala:33:44: stale bloop error: type mismatch;
 found   : String
 required: "api-key"
      .addHeader(new ModeledCustomHeader { name: "api-key"; value: apiKey })
                                           ^^^^
2022.10.17 16:02:31 INFO  file:///home/sam/Dev/octopush-akka/src/main/scala/net.rfc1149/octopush/Octopush.scala:33:68: stale bloop error: not found: type apiKey
      .addHeader(new ModeledCustomHeader { name: "api-key"; value: apiKey })
                                                                   ^^^^^^
2022.10.17 16:02:31 INFO  file:///home/sam/Dev/octopush-akka/src/main/scala/net.rfc1149/octopush/Octopush.scala:32:22: stale bloop error: illegal inheritance;
 self-type akka.http.scaladsl.model.headers.ModeledCustomHeader[Nothing] does not conform to akka.http.scaladsl.model.headers.ModeledCustomHeader[Nothing]'s selftype Nothing
      .addHeader(new ModeledCustomHeader { val name = "api-login"; val value = userLogin })
                     ^^^^^^^^^^^^^^^^^^^
2022.10.17 16:02:31 INFO  file:///home/sam/Dev/octopush-akka/src/main/scala/net.rfc1149/octopush/Octopush.scala:33:22: stale bloop error: illegal inheritance;
 self-type akka.http.scaladsl.model.headers.ModeledCustomHeader[Nothing] does not conform to akka.http.scaladsl.model.headers.ModeledCustomHeader[Nothing]'s selftype Nothing
      .addHeader(new ModeledCustomHeader { name: "api-key"; value: apiKey })
                     ^^^^^^^^^^^^^^^^^^^
2022.10.17 16:02:31 INFO  file:///home/sam/Dev/octopush-akka/src/main/scala/net.rfc1149/octopush/Octopush.scala:33:44: stale bloop error: type mismatch;
 found   : String
 required: "api-key"
      .addHeader(new ModeledCustomHeader { name: "api-key"; value: apiKey })
                                           ^^^^
2022.10.17 16:02:31 INFO  file:///home/sam/Dev/octopush-akka/src/main/scala/net.rfc1149/octopush/Octopush.scala:33:68: stale bloop error: not found: type apiKey
      .addHeader(new ModeledCustomHeader { name: "api-key"; value: apiKey })
                                                                   ^^^^^^
2022.10.17 16:02:31 INFO  file:///home/sam/Dev/octopush-akka/src/main/scala/net.rfc1149/octopush/Octopush.scala:32:22: stale bloop error: illegal inheritance;
 self-type akka.http.scaladsl.model.headers.ModeledCustomHeader[Nothing] does not conform to akka.http.scaladsl.model.headers.ModeledCustomHeader[Nothing]'s selftype Nothing
      .addHeader(new ModeledCustomHeader { val name = "api-login"; val value = userLogin })
                     ^^^^^^^^^^^^^^^^^^^
2022.10.17 16:02:31 INFO  file:///home/sam/Dev/octopush-akka/src/main/scala/net.rfc1149/octopush/Octopush.scala:33:22: stale bloop error: illegal inheritance;
 self-type akka.http.scaladsl.model.headers.ModeledCustomHeader[Nothing] does not conform to akka.http.scaladsl.model.headers.ModeledCustomHeader[Nothing]'s selftype Nothing
      .addHeader(new ModeledCustomHeader { name: "api-key"; value: apiKey })
                     ^^^^^^^^^^^^^^^^^^^
2022.10.17 16:02:31 INFO  file:///home/sam/Dev/octopush-akka/src/main/scala/net.rfc1149/octopush/Octopush.scala:33:44: stale bloop error: type mismatch;
 found   : String
 required: "api-key"
      .addHeader(new ModeledCustomHeader { name: "api-key"; value: apiKey })
                                           ^^^^
2022.10.17 16:02:31 INFO  file:///home/sam/Dev/octopush-akka/src/main/scala/net.rfc1149/octopush/Octopush.scala:33:68: stale bloop error: not found: type apiKey
      .addHeader(new ModeledCustomHeader { name: "api-key"; value: apiKey })
                                                                   ^^^^^^
2022.10.17 16:02:31 INFO  file:///home/sam/Dev/octopush-akka/src/main/scala/net.rfc1149/octopush/Octopush.scala:32:22: stale bloop error: illegal inheritance;
 self-type akka.http.scaladsl.model.headers.ModeledCustomHeader[Nothing] does not conform to akka.http.scaladsl.model.headers.ModeledCustomHeader[Nothing]'s selftype Nothing
      .addHeader(new ModeledCustomHeader { val name = "api-login"; val value = userLogin })
                     ^^^^^^^^^^^^^^^^^^^
2022.10.17 16:02:31 INFO  file:///home/sam/Dev/octopush-akka/src/main/scala/net.rfc1149/octopush/Octopush.scala:33:22: stale bloop error: illegal inheritance;
 self-type akka.http.scaladsl.model.headers.ModeledCustomHeader[Nothing] does not conform to akka.http.scaladsl.model.headers.ModeledCustomHeader[Nothing]'s selftype Nothing
      .addHeader(new ModeledCustomHeader { name: "api-key"; value: apiKey })
                     ^^^^^^^^^^^^^^^^^^^
2022.10.17 16:02:31 INFO  file:///home/sam/Dev/octopush-akka/src/main/scala/net.rfc1149/octopush/Octopush.scala:33:44: stale bloop error: type mismatch;
 found   : String
 required: "api-key"
      .addHeader(new ModeledCustomHeader { name: "api-key"; value: apiKey })
                                           ^^^^
2022.10.17 16:02:31 INFO  file:///home/sam/Dev/octopush-akka/src/main/scala/net.rfc1149/octopush/Octopush.scala:33:68: stale bloop error: not found: type apiKey
      .addHeader(new ModeledCustomHeader { name: "api-key"; value: apiKey })
                                                                   ^^^^^^
2022.10.17 16:02:31 INFO  file:///home/sam/Dev/octopush-akka/src/main/scala/net.rfc1149/octopush/Octopush.scala:32:22: stale bloop error: illegal inheritance;
 self-type akka.http.scaladsl.model.headers.ModeledCustomHeader[Nothing] does not conform to akka.http.scaladsl.model.headers.ModeledCustomHeader[Nothing]'s selftype Nothing
      .addHeader(new ModeledCustomHeader { val name = "api-login"; val value = userLogin })
                     ^^^^^^^^^^^^^^^^^^^
2022.10.17 16:02:31 INFO  file:///home/sam/Dev/octopush-akka/src/main/scala/net.rfc1149/octopush/Octopush.scala:33:22: stale bloop error: illegal inheritance;
 self-type akka.http.scaladsl.model.headers.ModeledCustomHeader[Nothing] does not conform to akka.http.scaladsl.model.headers.ModeledCustomHeader[Nothing]'s selftype Nothing
      .addHeader(new ModeledCustomHeader { name: "api-key"; value: apiKey })
                     ^^^^^^^^^^^^^^^^^^^
2022.10.17 16:02:31 INFO  file:///home/sam/Dev/octopush-akka/src/main/scala/net.rfc1149/octopush/Octopush.scala:33:44: stale bloop error: type mismatch;
 found   : String
 required: "api-key"
      .addHeader(new ModeledCustomHeader { name: "api-key"; value: apiKey })
                                           ^^^^
2022.10.17 16:02:31 INFO  file:///home/sam/Dev/octopush-akka/src/main/scala/net.rfc1149/octopush/Octopush.scala:33:68: stale bloop error: not found: type apiKey
      .addHeader(new ModeledCustomHeader { name: "api-key"; value: apiKey })
                                                                   ^^^^^^
2022.10.17 16:02:31 INFO  file:///home/sam/Dev/octopush-akka/src/main/scala/net.rfc1149/octopush/Octopush.scala:32:22: stale bloop error: illegal inheritance;
 self-type akka.http.scaladsl.model.headers.ModeledCustomHeader[Nothing] does not conform to akka.http.scaladsl.model.headers.ModeledCustomHeader[Nothing]'s selftype Nothing
      .addHeader(new ModeledCustomHeader { val name = "api-login"; val value = userLogin })
                     ^^^^^^^^^^^^^^^^^^^
2022.10.17 16:02:31 INFO  file:///home/sam/Dev/octopush-akka/src/main/scala/net.rfc1149/octopush/Octopush.scala:33:22: stale bloop error: illegal inheritance;
 self-type akka.http.scaladsl.model.headers.ModeledCustomHeader[Nothing] does not conform to akka.http.scaladsl.model.headers.ModeledCustomHeader[Nothing]'s selftype Nothing
      .addHeader(new ModeledCustomHeader { name: "api-key"; value: apiKey })
                     ^^^^^^^^^^^^^^^^^^^
2022.10.17 16:02:31 INFO  file:///home/sam/Dev/octopush-akka/src/main/scala/net.rfc1149/octopush/Octopush.scala:33:44: stale bloop error: type mismatch;
 found   : String
 required: "api-key"
      .addHeader(new ModeledCustomHeader { name: "api-key"; value: apiKey })
                                           ^^^^
2022.10.17 16:02:31 INFO  file:///home/sam/Dev/octopush-akka/src/main/scala/net.rfc1149/octopush/Octopush.scala:33:68: stale bloop error: not found: type apiKey
      .addHeader(new ModeledCustomHeader { name: "api-key"; value: apiKey })
                                                                   ^^^^^^
2022.10.17 16:02:45 INFO  compiling octopushakka (1 scala source)
2022.10.17 16:02:45 INFO  time: compiled octopushAkka in 0.25s
2022.10.17 16:03:42 INFO  compiling octopushakka (1 scala source)
2022.10.17 16:03:42 INFO  time: compiled octopushAkka in 0.28s
2022.10.17 16:03:47 INFO  compiling octopushakka (1 scala source)
2022.10.17 16:03:47 INFO  time: compiled octopushAkka in 0.31s
2022.10.17 16:03:53 INFO  compiling octopushakka (1 scala source)
2022.10.17 16:03:53 INFO  time: compiled octopushAkka in 0.22s
2022.10.17 16:03:56 INFO  compiling octopushakka (1 scala source)
2022.10.17 16:03:56 INFO  time: compiled octopushAkka in 0.22s
Oct 17, 2022 4:04:00 PM scala.meta.internal.pc.CompletionProvider expected$1
WARNING: null
2022.10.17 16:04:07 INFO  compiling octopushakka (1 scala source)
2022.10.17 16:04:07 INFO  time: compiled octopushAkka in 0.99s
2022.10.17 16:05:50 INFO  compiling octopushakka (1 scala source)
2022.10.17 16:05:50 INFO  time: compiled octopushAkka in 0.3s
2022.10.17 16:06:35 INFO  compiling octopushakka (1 scala source)
2022.10.17 16:06:35 INFO  time: compiled octopushAkka in 0.2s
something's wrong: no file:///home/sam/Dev/octopush-akka/src/main/scala/net.rfc1149/octopush/Octopush.scala in akka.http.scaladsl.model.headers.ModeledCustomHeader[<error>]RangePosition(file:///home/sam/Dev/octopush-akka/src/main/scala/net.rfc1149/octopush/Octopush.scala, 731, 731, 760)
something's wrong: no file:///home/sam/Dev/octopush-akka/src/main/scala/net.rfc1149/octopush/Octopush.scala in akka.http.scaladsl.model.headers.ModeledCustomHeader[<error>]RangePosition(file:///home/sam/Dev/octopush-akka/src/main/scala/net.rfc1149/octopush/Octopush.scala, 731, 731, 753)
something's wrong: no file:///home/sam/Dev/octopush-akka/src/main/scala/net.rfc1149/octopush/Octopush.scala in akka.http.scaladsl.model.headers.ModeledCustomHeader[<error>]RangePosition(file:///home/sam/Dev/octopush-akka/src/main/scala/net.rfc1149/octopush/Octopush.scala, 731, 731, 760)
something's wrong: no file:///home/sam/Dev/octopush-akka/src/main/scala/net.rfc1149/octopush/Octopush.scala in akka.http.scaladsl.model.headers.ModeledCustomHeader[<error>]RangePosition(file:///home/sam/Dev/octopush-akka/src/main/scala/net.rfc1149/octopush/Octopush.scala, 731, 731, 753)
something's wrong: no file:///home/sam/Dev/octopush-akka/src/main/scala/net.rfc1149/octopush/Octopush.scala in akka.http.scaladsl.model.headers.ModeledCustomHeader[<error>]RangePosition(file:///home/sam/Dev/octopush-akka/src/main/scala/net.rfc1149/octopush/Octopush.scala, 731, 731, 755)
2022.10.17 16:06:42 INFO  compiling octopushakka (1 scala source)
2022.10.17 16:06:42 INFO  time: compiled octopushAkka in 0.16s
Oct 17, 2022 4:07:07 PM org.eclipse.lsp4j.jsonrpc.RemoteEndpoint handleCancellation
WARNING: Unmatched cancel notification for request id 2561
Oct 17, 2022 4:07:19 PM org.eclipse.lsp4j.jsonrpc.RemoteEndpoint handleCancellation
WARNING: Unmatched cancel notification for request id 2643
2022.10.17 16:07:28 INFO  compiling octopushakka (1 scala source)
2022.10.17 16:07:28 INFO  time: compiled octopushAkka in 0.22s
Oct 17, 2022 4:07:32 PM scala.meta.internal.pc.CompilerAccess retryWithCleanCompiler
INFO: compiler crashed due to an error in the Scala compiler, retrying with new compiler instance.
2022.10.17 16:07:33 INFO  compiling octopushakka (1 scala source)
2022.10.17 16:07:33 INFO  time: compiled octopushAkka in 0.16s
2022.10.17 16:07:35 INFO  compiling octopushakka (1 scala source)
2022.10.17 16:07:35 INFO  time: compiled octopushAkka in 0.16s
Oct 17, 2022 4:07:45 PM scala.meta.internal.pc.CompilerAccess retryWithCleanCompiler
INFO: compiler crashed due to an error in the Scala compiler, retrying with new compiler instance.
something's wrong: no file:///home/sam/Dev/octopush-akka/src/main/scala/net.rfc1149/octopush/Octopush.scala in akka.http.scaladsl.model.headers.ModeledCustomHeaderCompanion[<error>]RangePosition(file:///home/sam/Dev/octopush-akka/src/main/scala/net.rfc1149/octopush/Octopush.scala, 984, 984, 1022)
something's wrong: no file:///home/sam/Dev/octopush-akka/src/main/scala/net.rfc1149/octopush/Octopush.scala in akka.http.scaladsl.model.headers.ModeledCustomHeaderCompanion[<error>]RangePosition(file:///home/sam/Dev/octopush-akka/src/main/scala/net.rfc1149/octopush/Octopush.scala, 984, 984, 1015)
Oct 17, 2022 4:07:57 PM scala.meta.internal.pc.CompilerAccess handleError
SEVERE: -1 is out of bounds (min 0, max 2)
java.lang.IndexOutOfBoundsException: -1 is out of bounds (min 0, max 2)
	at scala.collection.mutable.ArrayBuffer.apply(ArrayBuffer.scala:98)
	at scala.reflect.internal.Types$Type.findMemberInternal$1(Types.scala:1030)
	at scala.reflect.internal.Types$Type.findMember(Types.scala:1035)
	at scala.reflect.internal.Types$Type.memberBasedOnName(Types.scala:661)
	at scala.reflect.internal.Types$Type.nonLocalMember(Types.scala:652)
	at scala.tools.nsc.typechecker.Contexts$ImportInfo.importedSelectedSymbol(Contexts.scala:1842)
	at scala.tools.nsc.typechecker.Contexts$SymbolLookup.apply(Contexts.scala:1477)
	at scala.tools.nsc.typechecker.Contexts$Context.lookupSymbol(Contexts.scala:1283)
	at scala.tools.nsc.typechecker.Typers$Typer.typedIdent$2(Typers.scala:5470)
	at scala.tools.nsc.typechecker.Typers$Typer.typedIdentOrWildcard$1(Typers.scala:5522)
	at scala.tools.nsc.typechecker.Typers$Typer.typed1(Typers.scala:5983)
	at scala.tools.nsc.typechecker.Typers$Typer.typed(Typers.scala:6041)
	at scala.tools.nsc.typechecker.Typers$Typer.$anonfun$typed1$41(Typers.scala:5074)
	at scala.tools.nsc.typechecker.Typers$Typer.silent(Typers.scala:698)
	at scala.tools.nsc.typechecker.Typers$Typer.normalTypedApply$1(Typers.scala:5076)
	at scala.tools.nsc.typechecker.Typers$Typer.typedApply$1(Typers.scala:5104)
	at scala.tools.nsc.typechecker.Typers$Typer.typed1(Typers.scala:5985)
	at scala.tools.nsc.typechecker.Implicits$ImplicitSearch.typedImplicit1(Implicits.scala:841)
	at scala.tools.nsc.typechecker.Implicits$ImplicitSearch.typedImplicit0(Implicits.scala:809)
	at scala.tools.nsc.typechecker.Implicits$ImplicitSearch.scala$tools$nsc$typechecker$Implicits$ImplicitSearch$$typedImplicit(Implicits.scala:628)
	at scala.tools.nsc.typechecker.Implicits$ImplicitSearch$ImplicitComputation.rankImplicits(Implicits.scala:1207)
	at scala.tools.nsc.typechecker.Implicits$ImplicitSearch$ImplicitComputation.findBest(Implicits.scala:1244)
	at scala.tools.nsc.typechecker.Implicits$ImplicitSearch.searchImplicit(Implicits.scala:1301)
	at scala.tools.nsc.typechecker.Implicits$ImplicitSearch.bestImplicit(Implicits.scala:1695)
	at scala.tools.nsc.typechecker.Implicits.inferImplicit1(Implicits.scala:112)
	at scala.tools.nsc.typechecker.Implicits.inferImplicit(Implicits.scala:91)
	at scala.tools.nsc.typechecker.Implicits.inferImplicit$(Implicits.scala:88)
	at scala.meta.internal.pc.MetalsGlobal$MetalsInteractiveAnalyzer.inferImplicit(MetalsGlobal.scala:62)
	at scala.tools.nsc.typechecker.Implicits.inferImplicitView(Implicits.scala:50)
	at scala.tools.nsc.typechecker.Implicits.inferImplicitView$(Implicits.scala:49)
	at scala.meta.internal.pc.MetalsGlobal$MetalsInteractiveAnalyzer.inferImplicitView(MetalsGlobal.scala:62)
	at scala.tools.nsc.typechecker.Typers$Typer.inferView(Typers.scala:330)
	at scala.tools.nsc.typechecker.Typers$Typer.adaptToMember(Typers.scala:1339)
	at scala.tools.nsc.typechecker.Typers$Typer.$anonfun$adaptToMemberWithArgs$6(Typers.scala:1387)
	at scala.tools.nsc.typechecker.Typers$Typer.silent(Typers.scala:712)
	at scala.tools.nsc.typechecker.Typers$Typer.adaptToMemberWithArgs(Typers.scala:1387)
	at scala.tools.nsc.typechecker.Typers$Typer.typedSelect$1(Typers.scala:5265)
	at scala.tools.nsc.typechecker.Typers$Typer.typedSelectOrSuperCall$1(Typers.scala:5411)
	at scala.tools.nsc.typechecker.Typers$Typer.typed1(Typers.scala:5986)
	at scala.tools.nsc.typechecker.Typers$Typer.typed(Typers.scala:6041)
	at scala.tools.nsc.typechecker.Typers$Typer.$anonfun$typed1$41(Typers.scala:5074)
	at scala.tools.nsc.typechecker.Typers$Typer.silent(Typers.scala:698)
	at scala.tools.nsc.typechecker.Typers$Typer.normalTypedApply$1(Typers.scala:5076)
	at scala.tools.nsc.typechecker.Typers$Typer.typedApply$1(Typers.scala:5104)
	at scala.tools.nsc.typechecker.Typers$Typer.typed1(Typers.scala:5985)
	at scala.tools.nsc.typechecker.Typers$Typer.typed(Typers.scala:6041)
	at scala.tools.nsc.typechecker.Typers$Typer.typedArg(Typers.scala:3428)
	at scala.tools.nsc.typechecker.Typers$Typer.handlePolymorphicCall$1(Typers.scala:3827)
	at scala.tools.nsc.typechecker.Typers$Typer.doTypedApply(Typers.scala:3846)
	at scala.tools.nsc.typechecker.Typers$Typer.$anonfun$typed1$28(Typers.scala:5009)
	at scala.tools.nsc.typechecker.Typers$Typer.silent(Typers.scala:712)
	at scala.tools.nsc.typechecker.Typers$Typer.tryTypedApply$1(Typers.scala:5009)
	at scala.tools.nsc.typechecker.Typers$Typer.normalTypedApply$1(Typers.scala:5093)
	at scala.tools.nsc.typechecker.Typers$Typer.typedApply$1(Typers.scala:5104)
	at scala.tools.nsc.typechecker.Typers$Typer.typed1(Typers.scala:5985)
	at scala.tools.nsc.typechecker.Typers$Typer.typed(Typers.scala:6041)
	at scala.tools.nsc.typechecker.Typers$Typer.typedAssign$1(Typers.scala:6119)
	at scala.tools.nsc.typechecker.Typers$Typer.typedOutsidePatternMode$1(Typers.scala:5966)
	at scala.tools.nsc.typechecker.Typers$Typer.typed1(Typers.scala:5995)
	at scala.tools.nsc.typechecker.Typers$Typer.$anonfun$typed1$38(Typers.scala:5054)
	at scala.tools.nsc.typechecker.Typers$Typer.silent(Typers.scala:698)
	at scala.tools.nsc.typechecker.Typers$Typer.onError$3(Typers.scala:5054)
	at scala.tools.nsc.typechecker.Typers$Typer.normalTypedApply$1(Typers.scala:5096)
	at scala.tools.nsc.typechecker.Typers$Typer.typedApply$1(Typers.scala:5104)
	at scala.tools.nsc.typechecker.Typers$Typer.typed1(Typers.scala:5985)
	at scala.tools.nsc.typechecker.Typers$Typer.typed(Typers.scala:6041)
	at scala.tools.nsc.typechecker.Typers$Typer.doTypedFunction(Typers.scala:6130)
	at scala.tools.nsc.typechecker.Typers$Typer.typedFunction(Typers.scala:3079)
	at scala.tools.nsc.typechecker.Typers$Typer.$anonfun$typed1$105(Typers.scala:5926)
	at scala.tools.nsc.typechecker.Typers$Typer.typedFunction$1(Typers.scala:497)
	at scala.tools.nsc.typechecker.Typers$Typer.typedOutsidePatternMode$1(Typers.scala:5963)
	at scala.tools.nsc.typechecker.Typers$Typer.typed1(Typers.scala:5995)
	at scala.tools.nsc.typechecker.Typers$Typer.typed(Typers.scala:6041)
	at scala.tools.nsc.typechecker.Typers$Typer.typedArg(Typers.scala:3428)
	at scala.tools.nsc.typechecker.Typers$Typer.handlePolymorphicCall$1(Typers.scala:3827)
	at scala.tools.nsc.typechecker.Typers$Typer.doTypedApply(Typers.scala:3846)
	at scala.tools.nsc.typechecker.Typers$Typer.normalTypedApply$1(Typers.scala:5095)
	at scala.tools.nsc.typechecker.Typers$Typer.typedApply$1(Typers.scala:5104)
	at scala.tools.nsc.typechecker.Typers$Typer.typed1(Typers.scala:5985)
	at scala.tools.nsc.typechecker.Typers$Typer.typed(Typers.scala:6041)
	at scala.tools.nsc.typechecker.Typers$Typer.typedStat$1(Typers.scala:6119)
	at scala.tools.nsc.typechecker.Typers$Typer.$anonfun$typedStats$8(Typers.scala:3410)
	at scala.tools.nsc.typechecker.Typers$Typer.typedStats(Typers.scala:3410)
	at scala.tools.nsc.typechecker.Typers$Typer.typedBlock(Typers.scala:2564)
	at scala.tools.nsc.typechecker.Typers$Typer.typedOutsidePatternMode$1(Typers.scala:5960)
	at scala.tools.nsc.typechecker.Typers$Typer.typed1(Typers.scala:5995)
	at scala.tools.nsc.typechecker.Typers$Typer.typed(Typers.scala:6041)
	at scala.tools.nsc.typechecker.Typers$Typer.typedDefDef(Typers.scala:6318)
	at scala.tools.nsc.typechecker.Typers$Typer.typed1(Typers.scala:5950)
	at scala.tools.nsc.typechecker.Typers$Typer.typed(Typers.scala:6041)
	at scala.tools.nsc.typechecker.Typers$Typer.typedStat$1(Typers.scala:6119)
	at scala.tools.nsc.typechecker.Typers$Typer.$anonfun$typedStats$8(Typers.scala:3410)
	at scala.tools.nsc.typechecker.Typers$Typer.typedStats(Typers.scala:3410)
	at scala.tools.nsc.typechecker.Typers$Typer.typedTemplate(Typers.scala:2064)
	at scala.tools.nsc.typechecker.Typers$Typer.typedClassDef(Typers.scala:1895)
	at scala.tools.nsc.typechecker.Typers$Typer.typed1(Typers.scala:5951)
	at scala.tools.nsc.typechecker.Typers$Typer.typed(Typers.scala:6041)
	at scala.tools.nsc.typechecker.Typers$Typer.typedStat$1(Typers.scala:6119)
	at scala.tools.nsc.typechecker.Typers$Typer.$anonfun$typedStats$8(Typers.scala:3410)
	at scala.tools.nsc.typechecker.Typers$Typer.typedStats(Typers.scala:3410)
	at scala.tools.nsc.typechecker.Typers$Typer.typedTemplate(Typers.scala:2064)
	at scala.tools.nsc.typechecker.Typers$Typer.typedModuleDef(Typers.scala:1940)
	at scala.tools.nsc.typechecker.Typers$Typer.typed1(Typers.scala:5952)
	at scala.tools.nsc.typechecker.Typers$Typer.typed(Typers.scala:6041)
	at scala.tools.nsc.typechecker.Typers$Typer.typedStat$1(Typers.scala:6119)
	at scala.tools.nsc.typechecker.Typers$Typer.$anonfun$typedStats$8(Typers.scala:3410)
	at scala.tools.nsc.typechecker.Typers$Typer.typedStats(Typers.scala:3410)
	at scala.tools.nsc.typechecker.Typers$Typer.typedPackageDef$1(Typers.scala:5634)
	at scala.tools.nsc.typechecker.Typers$Typer.typed1(Typers.scala:5954)
	at scala.tools.nsc.typechecker.Typers$Typer.typed(Typers.scala:6041)
	at scala.tools.nsc.typechecker.Analyzer$typerFactory$TyperPhase.apply(Analyzer.scala:117)
	at scala.tools.nsc.Global$GlobalPhase.applyPhase(Global.scala:459)
	at scala.tools.nsc.interactive.Global$TyperRun.applyPhase(Global.scala:1349)
	at scala.tools.nsc.interactive.Global$TyperRun.typeCheck(Global.scala:1342)
	at scala.tools.nsc.interactive.Global.typeCheck(Global.scala:680)
	at scala.meta.internal.pc.PcDocumentHighlightProvider.highlights(PcDocumentHighlightProvider.scala:39)

something's wrong: no file:///home/sam/Dev/octopush-akka/src/main/scala/net.rfc1149/octopush/Octopush.scala in akka.http.scaladsl.model.headers.ModeledCustomHeaderCompanion[<error>]RangePosition(file:///home/sam/Dev/octopush-akka/src/main/scala/net.rfc1149/octopush/Octopush.scala, 984, 984, 1017)
2022.10.17 16:08:02 INFO  compiling octopushakka (1 scala source)
2022.10.17 16:08:02 INFO  time: compiled octopushAkka in 0.17s
2022.10.17 16:08:13 INFO  compiling octopushakka (1 scala source)
2022.10.17 16:08:13 INFO  time: compiled octopushAkka in 0.19s
Oct 17, 2022 4:08:27 PM scala.meta.internal.pc.CompilerAccess retryWithCleanCompiler
INFO: compiler crashed due to an error in the Scala compiler, retrying with new compiler instance.
Oct 17, 2022 4:08:31 PM scala.meta.internal.pc.CompilerAccess retryWithCleanCompiler
INFO: compiler crashed due to an error in the Scala compiler, retrying with new compiler instance.
2022.10.17 16:08:35 INFO  compiling octopushakka (1 scala source)
2022.10.17 16:08:35 INFO  time: compiled octopushAkka in 0.18s
something's wrong: no file:///home/sam/Dev/octopush-akka/src/main/scala/net.rfc1149/octopush/Octopush.scala in akka.http.scaladsl.model.headers.ModeledCustomHeaderCompanion[<error>]RangePosition(file:///home/sam/Dev/octopush-akka/src/main/scala/net.rfc1149/octopush/Octopush.scala, 1297, 1297, 1330)
something's wrong: no file:///home/sam/Dev/octopush-akka/src/main/scala/net.rfc1149/octopush/Octopush.scala in akka.http.scaladsl.model.headers.ModeledCustomHeaderCompanion[<error>]RangePosition(file:///home/sam/Dev/octopush-akka/src/main/scala/net.rfc1149/octopush/Octopush.scala, 1297, 1297, 1330)
something's wrong: no file:///home/sam/Dev/octopush-akka/src/main/scala/net.rfc1149/octopush/Octopush.scala in akka.http.scaladsl.model.headers.ModeledCustomHeader[<error>]RangePosition(file:///home/sam/Dev/octopush-akka/src/main/scala/net.rfc1149/octopush/Octopush.scala, 1086, 1086, 1108)
something's wrong: no file:///home/sam/Dev/octopush-akka/src/main/scala/net.rfc1149/octopush/Octopush.scala in akka.http.scaladsl.model.headers.ModeledCustomHeader[<error>]RangePosition(file:///home/sam/Dev/octopush-akka/src/main/scala/net.rfc1149/octopush/Octopush.scala, 1086, 1086, 1108)
2022.10.17 16:09:19 INFO  compiling octopushakka (1 scala source)
2022.10.17 16:09:19 INFO  time: compiled octopushAkka in 0.19s
Oct 17, 2022 4:09:27 PM org.eclipse.lsp4j.jsonrpc.RemoteEndpoint handleCancellation
WARNING: Unmatched cancel notification for request id 3318
2022.10.17 16:09:32 INFO  compiling octopushakka (1 scala source)
2022.10.17 16:09:32 INFO  time: compiled octopushAkka in 0.98s
Oct 17, 2022 4:09:43 PM org.eclipse.lsp4j.jsonrpc.RemoteEndpoint handleCancellation
WARNING: Unmatched cancel notification for request id 3384
Oct 17, 2022 4:09:49 PM scala.meta.internal.pc.CompilerAccess retryWithCleanCompiler
INFO: compiler crashed due to an error in the Scala compiler, retrying with new compiler instance.
Oct 17, 2022 4:10:08 PM org.eclipse.lsp4j.jsonrpc.RemoteEndpoint handleCancellation
WARNING: Unmatched cancel notification for request id 3457
Oct 17, 2022 4:10:10 PM scala.meta.internal.pc.CompilerAccess retryWithCleanCompiler
INFO: compiler crashed due to an error in the Scala compiler, retrying with new compiler instance.
Oct 17, 2022 4:10:13 PM org.eclipse.lsp4j.jsonrpc.RemoteEndpoint handleCancellation
WARNING: Unmatched cancel notification for request id 3505
Oct 17, 2022 4:10:13 PM org.eclipse.lsp4j.jsonrpc.RemoteEndpoint handleCancellation
WARNING: Unmatched cancel notification for request id 3508
2022.10.17 16:10:13 INFO  compiling octopushakka (1 scala source)
2022.10.17 16:10:13 INFO  time: compiled octopushAkka in 0.95s
2022.10.17 16:10:38 INFO  compiling octopushakka (1 scala source)
2022.10.17 16:10:39 INFO  time: compiled octopushAkka in 1.17s
Oct 17, 2022 4:10:48 PM org.eclipse.lsp4j.jsonrpc.RemoteEndpoint handleCancellation
WARNING: Unmatched cancel notification for request id 3675
2022.10.17 16:11:18 INFO  compiling octopushakka (1 scala source)
2022.10.17 16:11:19 INFO  time: compiled octopushAkka in 1.17s
2022.10.17 16:11:29 INFO  compiling octopushakka (1 scala source)
2022.10.17 16:11:30 INFO  time: compiled octopushAkka in 1.13s
2022.10.17 16:11:38 INFO  compiling octopushakka (1 scala source)
2022.10.17 16:11:39 INFO  time: compiled octopushAkka in 1.35s
2022.10.17 16:59:17 INFO  shutting down Metals
2022.10.17 16:59:17 INFO  Shut down connection with build server.
2022.10.17 16:59:17 INFO  Shut down connection with build server.
2022.10.17 16:59:17 INFO  Shut down connection with build server.
